#LSX
# This file is in fast LST format. All lines after the next line have exactly the number of characters shown on the next line. This MUST be preserved if editing.
# 25
0	particles.hdf	{}      
1	particles.hdf	{}      
2	particles.hdf	{}      
3	particles.hdf	{}      
4	particles.hdf	{}      
5	particles.hdf	{}      
6	particles.hdf	{}      
7	particles.hdf	{}      
8	particles.hdf	{}      
9	particles.hdf	{}      
10	particles.hdf	{}     
11	particles.hdf	{}     
12	particles.hdf	{}     
13	particles.hdf	{}     
14	particles.hdf	{}     
15	particles.hdf	{}     
16	particles.hdf	{}     
17	particles.hdf	{}     
18	particles.hdf	{}     
19	particles.hdf	{}     
20	particles.hdf	{}     
21	particles.hdf	{}     
22	particles.hdf	{}     
23	particles.hdf	{}     
24	particles.hdf	{}     
25	particles.hdf	{}     
26	particles.hdf	{}     
27	particles.hdf	{}     
28	particles.hdf	{}     
29	particles.hdf	{}     
30	particles.hdf	{}     
31	particles.hdf	{}     
32	particles.hdf	{}     
33	particles.hdf	{}     
34	particles.hdf	{}     
35	particles.hdf	{}     
36	particles.hdf	{}     
37	particles.hdf	{}     
38	particles.hdf	{}     
39	particles.hdf	{}     
40	particles.hdf	{}     
41	particles.hdf	{}     
42	particles.hdf	{}     
43	particles.hdf	{}     
44	particles.hdf	{}     
45	particles.hdf	{}     
46	particles.hdf	{}     
47	particles.hdf	{}     
48	particles.hdf	{}     
49	particles.hdf	{}     
50	particles.hdf	{}     
51	particles.hdf	{}     
52	particles.hdf	{}     
53	particles.hdf	{}     
54	particles.hdf	{}     
56	particles.hdf	{}     
57	particles.hdf	{}     
58	particles.hdf	{}     
59	particles.hdf	{}     
60	particles.hdf	{}     
61	particles.hdf	{}     
62	particles.hdf	{}     
63	particles.hdf	{}     
64	particles.hdf	{}     
65	particles.hdf	{}     
66	particles.hdf	{}     
67	particles.hdf	{}     
68	particles.hdf	{}     
69	particles.hdf	{}     
70	particles.hdf	{}     
85	particles.hdf	{}     
86	particles.hdf	{}     
103	particles.hdf	{}    
104	particles.hdf	{}    
105	particles.hdf	{}    
129	particles.hdf	{}    
130	particles.hdf	{}    
131	particles.hdf	{}    
145	particles.hdf	{}    
146	particles.hdf	{}    
162	particles.hdf	{}    
163	particles.hdf	{}    
164	particles.hdf	{}    
183	particles.hdf	{}    
184	particles.hdf	{}    
185	particles.hdf	{}    
186	particles.hdf	{}    
187	particles.hdf	{}    
188	particles.hdf	{}    
189	particles.hdf	{}    
190	particles.hdf	{}    
191	particles.hdf	{}    
192	particles.hdf	{}    
193	particles.hdf	{}    
194	particles.hdf	{}    
195	particles.hdf	{}    
196	particles.hdf	{}    
197	particles.hdf	{}    
198	particles.hdf	{}    
199	particles.hdf	{}    
200	particles.hdf	{}    
201	particles.hdf	{}    
202	particles.hdf	{}    
242	particles.hdf	{}    
243	particles.hdf	{}    
244	particles.hdf	{}    
245	particles.hdf	{}    
246	particles.hdf	{}    
247	particles.hdf	{}    
248	particles.hdf	{}    
286	particles.hdf	{}    
329	particles.hdf	{}    
330	particles.hdf	{}    
331	particles.hdf	{}    
364	particles.hdf	{}    
391	particles.hdf	{}    
392	particles.hdf	{}    
393	particles.hdf	{}    
394	particles.hdf	{}    
421	particles.hdf	{}    
422	particles.hdf	{}    
423	particles.hdf	{}    
424	particles.hdf	{}    
447	particles.hdf	{}    
448	particles.hdf	{}    
449	particles.hdf	{}    
481	particles.hdf	{}    
505	particles.hdf	{}    
509	particles.hdf	{}    
510	particles.hdf	{}    
511	particles.hdf	{}    
512	particles.hdf	{}    
513	particles.hdf	{}    
514	particles.hdf	{}    
515	particles.hdf	{}    
516	particles.hdf	{}    
517	particles.hdf	{}    
518	particles.hdf	{}    
519	particles.hdf	{}    
520	particles.hdf	{}    
521	particles.hdf	{}    
522	particles.hdf	{}    
523	particles.hdf	{}    
524	particles.hdf	{}    
525	particles.hdf	{}    
526	particles.hdf	{}    
527	particles.hdf	{}    
528	particles.hdf	{}    
529	particles.hdf	{}    
530	particles.hdf	{}    
531	particles.hdf	{}    
532	particles.hdf	{}    
533	particles.hdf	{}    
534	particles.hdf	{}    
535	particles.hdf	{}    
536	particles.hdf	{}    
537	particles.hdf	{}    
538	particles.hdf	{}    
539	particles.hdf	{}    
540	particles.hdf	{}    
541	particles.hdf	{}    
542	particles.hdf	{}    
543	particles.hdf	{}    
544	particles.hdf	{}    
545	particles.hdf	{}    
546	particles.hdf	{}    
547	particles.hdf	{}    
548	particles.hdf	{}    
549	particles.hdf	{}    
550	particles.hdf	{}    
551	particles.hdf	{}    
555	particles.hdf	{}    
556	particles.hdf	{}    
561	particles.hdf	{}    
562	particles.hdf	{}    
563	particles.hdf	{}    
564	particles.hdf	{}    
565	particles.hdf	{}    
566	particles.hdf	{}    
567	particles.hdf	{}    
568	particles.hdf	{}    
569	particles.hdf	{}    
576	particles.hdf	{}    
577	particles.hdf	{}    
578	particles.hdf	{}    
579	particles.hdf	{}    
580	particles.hdf	{}    
581	particles.hdf	{}    
582	particles.hdf	{}    
583	particles.hdf	{}    
584	particles.hdf	{}    
585	particles.hdf	{}    
586	particles.hdf	{}    
587	particles.hdf	{}    
588	particles.hdf	{}    
589	particles.hdf	{}    
590	particles.hdf	{}    
591	particles.hdf	{}    
592	particles.hdf	{}    
593	particles.hdf	{}    
594	particles.hdf	{}    
595	particles.hdf	{}    
596	particles.hdf	{}    
597	particles.hdf	{}    
598	particles.hdf	{}    
599	particles.hdf	{}    
600	particles.hdf	{}    
601	particles.hdf	{}    
602	particles.hdf	{}    
603	particles.hdf	{}    
604	particles.hdf	{}    
605	particles.hdf	{}    
606	particles.hdf	{}    
607	particles.hdf	{}    
608	particles.hdf	{}    
609	particles.hdf	{}    
610	particles.hdf	{}    
611	particles.hdf	{}    
612	particles.hdf	{}    
613	particles.hdf	{}    
614	particles.hdf	{}    
615	particles.hdf	{}    
616	particles.hdf	{}    
617	particles.hdf	{}    
618	particles.hdf	{}    
619	particles.hdf	{}    
620	particles.hdf	{}    
621	particles.hdf	{}    
622	particles.hdf	{}    
626	particles.hdf	{}    
627	particles.hdf	{}    
628	particles.hdf	{}    
629	particles.hdf	{}    
630	particles.hdf	{}    
631	particles.hdf	{}    
632	particles.hdf	{}    
633	particles.hdf	{}    
634	particles.hdf	{}    
635	particles.hdf	{}    
640	particles.hdf	{}    
641	particles.hdf	{}    
642	particles.hdf	{}    
643	particles.hdf	{}    
644	particles.hdf	{}    
645	particles.hdf	{}    
646	particles.hdf	{}    
647	particles.hdf	{}    
648	particles.hdf	{}    
649	particles.hdf	{}    
650	particles.hdf	{}    
651	particles.hdf	{}    
653	particles.hdf	{}    
654	particles.hdf	{}    
655	particles.hdf	{}    
656	particles.hdf	{}    
657	particles.hdf	{}    
658	particles.hdf	{}    
659	particles.hdf	{}    
660	particles.hdf	{}    
661	particles.hdf	{}    
662	particles.hdf	{}    
663	particles.hdf	{}    
664	particles.hdf	{}    
665	particles.hdf	{}    
666	particles.hdf	{}    
667	particles.hdf	{}    
668	particles.hdf	{}    
669	particles.hdf	{}    
670	particles.hdf	{}    
671	particles.hdf	{}    
