#LSX
# This file is in fast LST format. All lines after the next line have exactly the number of characters shown on the next line. This MUST be preserved if editing.
# 25
55	particles.hdf	{}     
71	particles.hdf	{}     
72	particles.hdf	{}     
73	particles.hdf	{}     
74	particles.hdf	{}     
75	particles.hdf	{}     
76	particles.hdf	{}     
77	particles.hdf	{}     
78	particles.hdf	{}     
79	particles.hdf	{}     
80	particles.hdf	{}     
81	particles.hdf	{}     
82	particles.hdf	{}     
83	particles.hdf	{}     
84	particles.hdf	{}     
87	particles.hdf	{}     
88	particles.hdf	{}     
89	particles.hdf	{}     
90	particles.hdf	{}     
91	particles.hdf	{}     
92	particles.hdf	{}     
93	particles.hdf	{}     
94	particles.hdf	{}     
95	particles.hdf	{}     
96	particles.hdf	{}     
97	particles.hdf	{}     
98	particles.hdf	{}     
99	particles.hdf	{}     
100	particles.hdf	{}    
101	particles.hdf	{}    
102	particles.hdf	{}    
106	particles.hdf	{}    
107	particles.hdf	{}    
108	particles.hdf	{}    
109	particles.hdf	{}    
110	particles.hdf	{}    
111	particles.hdf	{}    
112	particles.hdf	{}    
113	particles.hdf	{}    
114	particles.hdf	{}    
115	particles.hdf	{}    
116	particles.hdf	{}    
117	particles.hdf	{}    
118	particles.hdf	{}    
119	particles.hdf	{}    
120	particles.hdf	{}    
121	particles.hdf	{}    
122	particles.hdf	{}    
123	particles.hdf	{}    
124	particles.hdf	{}    
125	particles.hdf	{}    
126	particles.hdf	{}    
127	particles.hdf	{}    
128	particles.hdf	{}    
132	particles.hdf	{}    
133	particles.hdf	{}    
134	particles.hdf	{}    
135	particles.hdf	{}    
136	particles.hdf	{}    
137	particles.hdf	{}    
138	particles.hdf	{}    
139	particles.hdf	{}    
140	particles.hdf	{}    
141	particles.hdf	{}    
142	particles.hdf	{}    
143	particles.hdf	{}    
144	particles.hdf	{}    
147	particles.hdf	{}    
148	particles.hdf	{}    
149	particles.hdf	{}    
150	particles.hdf	{}    
151	particles.hdf	{}    
152	particles.hdf	{}    
153	particles.hdf	{}    
154	particles.hdf	{}    
155	particles.hdf	{}    
156	particles.hdf	{}    
157	particles.hdf	{}    
158	particles.hdf	{}    
159	particles.hdf	{}    
160	particles.hdf	{}    
161	particles.hdf	{}    
165	particles.hdf	{}    
166	particles.hdf	{}    
167	particles.hdf	{}    
168	particles.hdf	{}    
169	particles.hdf	{}    
170	particles.hdf	{}    
171	particles.hdf	{}    
172	particles.hdf	{}    
173	particles.hdf	{}    
174	particles.hdf	{}    
175	particles.hdf	{}    
176	particles.hdf	{}    
177	particles.hdf	{}    
178	particles.hdf	{}    
179	particles.hdf	{}    
180	particles.hdf	{}    
181	particles.hdf	{}    
182	particles.hdf	{}    
203	particles.hdf	{}    
204	particles.hdf	{}    
205	particles.hdf	{}    
206	particles.hdf	{}    
207	particles.hdf	{}    
208	particles.hdf	{}    
209	particles.hdf	{}    
210	particles.hdf	{}    
211	particles.hdf	{}    
212	particles.hdf	{}    
213	particles.hdf	{}    
214	particles.hdf	{}    
215	particles.hdf	{}    
216	particles.hdf	{}    
217	particles.hdf	{}    
218	particles.hdf	{}    
219	particles.hdf	{}    
220	particles.hdf	{}    
221	particles.hdf	{}    
222	particles.hdf	{}    
223	particles.hdf	{}    
224	particles.hdf	{}    
225	particles.hdf	{}    
226	particles.hdf	{}    
227	particles.hdf	{}    
228	particles.hdf	{}    
229	particles.hdf	{}    
230	particles.hdf	{}    
231	particles.hdf	{}    
232	particles.hdf	{}    
233	particles.hdf	{}    
234	particles.hdf	{}    
235	particles.hdf	{}    
236	particles.hdf	{}    
237	particles.hdf	{}    
238	particles.hdf	{}    
239	particles.hdf	{}    
240	particles.hdf	{}    
241	particles.hdf	{}    
249	particles.hdf	{}    
250	particles.hdf	{}    
251	particles.hdf	{}    
252	particles.hdf	{}    
253	particles.hdf	{}    
254	particles.hdf	{}    
255	particles.hdf	{}    
256	particles.hdf	{}    
257	particles.hdf	{}    
258	particles.hdf	{}    
259	particles.hdf	{}    
260	particles.hdf	{}    
261	particles.hdf	{}    
262	particles.hdf	{}    
263	particles.hdf	{}    
264	particles.hdf	{}    
265	particles.hdf	{}    
266	particles.hdf	{}    
267	particles.hdf	{}    
268	particles.hdf	{}    
269	particles.hdf	{}    
270	particles.hdf	{}    
271	particles.hdf	{}    
272	particles.hdf	{}    
273	particles.hdf	{}    
274	particles.hdf	{}    
275	particles.hdf	{}    
276	particles.hdf	{}    
277	particles.hdf	{}    
278	particles.hdf	{}    
279	particles.hdf	{}    
280	particles.hdf	{}    
281	particles.hdf	{}    
282	particles.hdf	{}    
283	particles.hdf	{}    
284	particles.hdf	{}    
285	particles.hdf	{}    
287	particles.hdf	{}    
288	particles.hdf	{}    
289	particles.hdf	{}    
290	particles.hdf	{}    
291	particles.hdf	{}    
292	particles.hdf	{}    
293	particles.hdf	{}    
294	particles.hdf	{}    
295	particles.hdf	{}    
296	particles.hdf	{}    
297	particles.hdf	{}    
298	particles.hdf	{}    
299	particles.hdf	{}    
300	particles.hdf	{}    
301	particles.hdf	{}    
302	particles.hdf	{}    
303	particles.hdf	{}    
304	particles.hdf	{}    
305	particles.hdf	{}    
306	particles.hdf	{}    
307	particles.hdf	{}    
308	particles.hdf	{}    
309	particles.hdf	{}    
310	particles.hdf	{}    
311	particles.hdf	{}    
312	particles.hdf	{}    
313	particles.hdf	{}    
314	particles.hdf	{}    
315	particles.hdf	{}    
316	particles.hdf	{}    
317	particles.hdf	{}    
318	particles.hdf	{}    
319	particles.hdf	{}    
320	particles.hdf	{}    
321	particles.hdf	{}    
322	particles.hdf	{}    
323	particles.hdf	{}    
324	particles.hdf	{}    
325	particles.hdf	{}    
326	particles.hdf	{}    
327	particles.hdf	{}    
328	particles.hdf	{}    
332	particles.hdf	{}    
333	particles.hdf	{}    
334	particles.hdf	{}    
335	particles.hdf	{}    
336	particles.hdf	{}    
337	particles.hdf	{}    
338	particles.hdf	{}    
339	particles.hdf	{}    
340	particles.hdf	{}    
341	particles.hdf	{}    
342	particles.hdf	{}    
343	particles.hdf	{}    
344	particles.hdf	{}    
345	particles.hdf	{}    
346	particles.hdf	{}    
347	particles.hdf	{}    
348	particles.hdf	{}    
349	particles.hdf	{}    
350	particles.hdf	{}    
351	particles.hdf	{}    
352	particles.hdf	{}    
353	particles.hdf	{}    
354	particles.hdf	{}    
355	particles.hdf	{}    
356	particles.hdf	{}    
357	particles.hdf	{}    
358	particles.hdf	{}    
359	particles.hdf	{}    
360	particles.hdf	{}    
361	particles.hdf	{}    
362	particles.hdf	{}    
363	particles.hdf	{}    
365	particles.hdf	{}    
366	particles.hdf	{}    
367	particles.hdf	{}    
368	particles.hdf	{}    
369	particles.hdf	{}    
370	particles.hdf	{}    
371	particles.hdf	{}    
372	particles.hdf	{}    
373	particles.hdf	{}    
374	particles.hdf	{}    
375	particles.hdf	{}    
376	particles.hdf	{}    
377	particles.hdf	{}    
378	particles.hdf	{}    
379	particles.hdf	{}    
380	particles.hdf	{}    
381	particles.hdf	{}    
382	particles.hdf	{}    
383	particles.hdf	{}    
384	particles.hdf	{}    
385	particles.hdf	{}    
386	particles.hdf	{}    
387	particles.hdf	{}    
388	particles.hdf	{}    
389	particles.hdf	{}    
390	particles.hdf	{}    
395	particles.hdf	{}    
396	particles.hdf	{}    
397	particles.hdf	{}    
398	particles.hdf	{}    
399	particles.hdf	{}    
400	particles.hdf	{}    
401	particles.hdf	{}    
402	particles.hdf	{}    
403	particles.hdf	{}    
404	particles.hdf	{}    
405	particles.hdf	{}    
406	particles.hdf	{}    
407	particles.hdf	{}    
408	particles.hdf	{}    
409	particles.hdf	{}    
410	particles.hdf	{}    
411	particles.hdf	{}    
412	particles.hdf	{}    
413	particles.hdf	{}    
414	particles.hdf	{}    
415	particles.hdf	{}    
416	particles.hdf	{}    
417	particles.hdf	{}    
418	particles.hdf	{}    
419	particles.hdf	{}    
420	particles.hdf	{}    
425	particles.hdf	{}    
426	particles.hdf	{}    
427	particles.hdf	{}    
428	particles.hdf	{}    
429	particles.hdf	{}    
430	particles.hdf	{}    
431	particles.hdf	{}    
432	particles.hdf	{}    
433	particles.hdf	{}    
434	particles.hdf	{}    
435	particles.hdf	{}    
436	particles.hdf	{}    
437	particles.hdf	{}    
438	particles.hdf	{}    
439	particles.hdf	{}    
440	particles.hdf	{}    
441	particles.hdf	{}    
442	particles.hdf	{}    
443	particles.hdf	{}    
444	particles.hdf	{}    
445	particles.hdf	{}    
446	particles.hdf	{}    
450	particles.hdf	{}    
451	particles.hdf	{}    
452	particles.hdf	{}    
453	particles.hdf	{}    
454	particles.hdf	{}    
455	particles.hdf	{}    
456	particles.hdf	{}    
457	particles.hdf	{}    
458	particles.hdf	{}    
459	particles.hdf	{}    
460	particles.hdf	{}    
461	particles.hdf	{}    
462	particles.hdf	{}    
463	particles.hdf	{}    
464	particles.hdf	{}    
465	particles.hdf	{}    
466	particles.hdf	{}    
467	particles.hdf	{}    
468	particles.hdf	{}    
469	particles.hdf	{}    
470	particles.hdf	{}    
471	particles.hdf	{}    
472	particles.hdf	{}    
473	particles.hdf	{}    
474	particles.hdf	{}    
475	particles.hdf	{}    
476	particles.hdf	{}    
477	particles.hdf	{}    
478	particles.hdf	{}    
479	particles.hdf	{}    
480	particles.hdf	{}    
482	particles.hdf	{}    
483	particles.hdf	{}    
484	particles.hdf	{}    
485	particles.hdf	{}    
486	particles.hdf	{}    
487	particles.hdf	{}    
488	particles.hdf	{}    
489	particles.hdf	{}    
490	particles.hdf	{}    
491	particles.hdf	{}    
492	particles.hdf	{}    
493	particles.hdf	{}    
494	particles.hdf	{}    
495	particles.hdf	{}    
496	particles.hdf	{}    
497	particles.hdf	{}    
498	particles.hdf	{}    
499	particles.hdf	{}    
500	particles.hdf	{}    
501	particles.hdf	{}    
502	particles.hdf	{}    
503	particles.hdf	{}    
504	particles.hdf	{}    
506	particles.hdf	{}    
507	particles.hdf	{}    
508	particles.hdf	{}    
552	particles.hdf	{}    
553	particles.hdf	{}    
554	particles.hdf	{}    
557	particles.hdf	{}    
558	particles.hdf	{}    
559	particles.hdf	{}    
560	particles.hdf	{}    
570	particles.hdf	{}    
571	particles.hdf	{}    
572	particles.hdf	{}    
573	particles.hdf	{}    
574	particles.hdf	{}    
575	particles.hdf	{}    
623	particles.hdf	{}    
624	particles.hdf	{}    
625	particles.hdf	{}    
636	particles.hdf	{}    
637	particles.hdf	{}    
638	particles.hdf	{}    
639	particles.hdf	{}    
652	particles.hdf	{}    
