----------------------------------------------------
-- Input parameters --------------------------------
----------------------------------------------------
Ncluster   =  3
frequency  =  10
offset     =  None
binning    =  1
mask       =  /home/jblaser2/Research/STA/T4P_mask/cylindrical_mask.em
fmask      =  /home/jblaser2/Research/STA/T4P_mask/cylindrical_mask.em
niteration =  10
dispersion =  None
threshold  =  0.4
noise      =  None
noalign    =  True
outputdir  =  /home/jblaser2/Research/STA/PyTom/autofocus_output
noise      =  None
----------------------------------------------------

Initializing the class centroids ...
done
sum distances:  578.8522254848718
done
sum distances:  569.9968917976056
done
16.884323358535767
Starting iteration 0 ...
Calculate difference maps ...
it0 time: 0.0
Start alignments ...
calculation time: 9.059583902359009 sec
Class changes:
      0   1   2  -1 
  0 267 239 166   0 
  1   0   0   0   0 
  2   0   0   0   0 
 -1   0   0   0   0 
Number of class 0: 267
Number of class 1: 239
Number of class 2: 166
it0 time: 32.5
Calculate averages ...
done
Resolution of class 0: 10
Resolution of class 1: 10
Resolution of class 2: 10
len particlelist, 672, 672
it0 time: 6.3
Starting iteration 1 ...
Calculate difference maps ...
it1 time: 0.0
Start alignments ...
calculation time: 9.2566819190979 sec
Class changes:
      0   1   2  -1 
  0 206  35  26   0 
  1  23 187  29   0 
  2  19  31 116   0 
 -1   0   0   0   0 
Number of class 0: 248
Number of class 1: 253
Number of class 2: 171
it1 time: 32.8
Calculate averages ...
done
Resolution of class 0: 10
Resolution of class 1: 10
Resolution of class 2: 10
len particlelist, 672, 672
it1 time: 6.1
Starting iteration 2 ...
Calculate difference maps ...
it2 time: 0.0
Start alignments ...
calculation time: 9.319104194641113 sec
Class changes:
      0   1   2  -1 
  0 199  36  13   0 
  1  28 215  10   0 
  2   8   9 154   0 
 -1   0   0   0   0 
Number of class 0: 235
Number of class 1: 260
Number of class 2: 177
it2 time: 33.1
Calculate averages ...
done
Resolution of class 0: 10
Resolution of class 1: 10
Resolution of class 2: 10
len particlelist, 672, 672
it2 time: 6.1
Starting iteration 3 ...
Calculate difference maps ...
it3 time: 0.0
Start alignments ...
calculation time: 9.271450519561768 sec
Class changes:
      0   1   2  -1 
  0 190  20  25   0 
  1  21 230   9   0 
  2   2  12 163   0 
 -1   0   0   0   0 
Number of class 0: 213
Number of class 1: 262
Number of class 2: 197
it3 time: 32.9
Calculate averages ...
done
Resolution of class 0: 10
Resolution of class 1: 10
Resolution of class 2: 10
len particlelist, 672, 672
it3 time: 6.0
Starting iteration 4 ...
Calculate difference maps ...
it4 time: 0.0
Start alignments ...
calculation time: 9.333929300308228 sec
Class changes:
      0   1   2  -1 
  0 173  13  27   0 
  1  15 236  11   0 
  2   2  18 177   0 
 -1   0   0   0   0 
Number of class 0: 190
Number of class 1: 267
Number of class 2: 215
it4 time: 32.8
Calculate averages ...
done
Resolution of class 0: 10
Resolution of class 1: 10
Resolution of class 2: 10
len particlelist, 672, 672
it4 time: 6.0
Starting iteration 5 ...
Calculate difference maps ...
it5 time: 0.0
Start alignments ...
calculation time: 9.363542079925537 sec
Class changes:
      0   1   2  -1 
  0 160   3  27   0 
  1   3 262   2   0 
  2   3  17 195   0 
 -1   0   0   0   0 
Number of class 0: 166
Number of class 1: 282
Number of class 2: 224
it5 time: 32.9
Calculate averages ...
done
Resolution of class 0: 10
Resolution of class 1: 10
Resolution of class 2: 10
len particlelist, 672, 672
it5 time: 5.9
Starting iteration 6 ...
Calculate difference maps ...
it6 time: 0.0
Start alignments ...
calculation time: 9.321340560913086 sec
Class changes:
      0   1   2  -1 
  0 156   0  10   0 
  1   3 279   0   0 
  2   3   6 215   0 
 -1   0   0   0   0 
Number of class 0: 162
Number of class 1: 285
Number of class 2: 225
it6 time: 32.8
Calculate averages ...
done
Resolution of class 0: 10
Resolution of class 1: 10
Resolution of class 2: 10
len particlelist, 672, 672
it6 time: 5.9
Starting iteration 7 ...
Calculate difference maps ...
it7 time: 0.0
Start alignments ...
calculation time: 9.307767868041992 sec
Class changes:
      0   1   2  -1 
  0 151   1  10   0 
  1   1 282   2   0 
  2   0   5 220   0 
 -1   0   0   0   0 
Number of class 0: 152
Number of class 1: 288
Number of class 2: 232
it7 time: 32.7
Calculate averages ...
done
Resolution of class 0: 10
Resolution of class 1: 10
Resolution of class 2: 10
len particlelist, 672, 672
it7 time: 5.9
Starting iteration 8 ...
Calculate difference maps ...
it8 time: 0.0
Start alignments ...
calculation time: 9.311421394348145 sec
Class changes:
      0   1   2  -1 
  0 151   0   1   0 
  1   1 286   1   0 
  2   3   4 225   0 
 -1   0   0   0   0 
Number of class 0: 155
Number of class 1: 290
Number of class 2: 227
it8 time: 32.8
Calculate averages ...
done
Resolution of class 0: 10
Resolution of class 1: 10
Resolution of class 2: 10
len particlelist, 672, 672
it8 time: 5.9
Starting iteration 9 ...
Calculate difference maps ...
it9 time: 0.0
Start alignments ...
calculation time: 9.289982318878174 sec
Class changes:
      0   1   2  -1 
  0 153   0   2   0 
  1   1 289   0   0 
  2   2   3 222   0 
 -1   0   0   0   0 
Number of class 0: 156
Number of class 1: 292
Number of class 2: 224
it9 time: 32.9
Calculate averages ...
done
Resolution of class 0: 10
Resolution of class 1: 10
Resolution of class 2: 10
len particlelist, 672, 672
it9 time: 6.0
total time: 406.01761746406555 sec
