=== [13:53:33] START init_folders ===
Initializing PCA folder...
Initializing subtomogram averaging folder...
=== [13:53:33] DONE  init_folders ===
=== [13:53:33] START build_inputs ===
[build_inputs] found 672 particles in /home/ejl62/groups/grp_tomo/Pili_PCA/particles
Writing /home/ejl62/Pili_class/lists/allmotl_1.star...
/home/ejl62/Pili_class/lists/allmotl_1.star written!!!1!
[build_inputs] wrote 672 particles to lists/allmotl_1.star
[build_inputs] 294 unique tomograms written to meta/tomo_nums.csv
=== [13:55:26] DONE  build_inputs ===
=== [13:55:26] START build_wedge ===
[build_wedge] pixel size = 13.3280 Å/vox, box = 80 px
[build_wedge] wrote 12054 entries (294 tomos x 41 tilts) to lists/wedgelist.star
=== [13:56:50] DONE  build_wedge ===
=== [13:56:50] START build_masks ===
[build_masks] wrote mask_align.mrc (r=8 h=26) and mask_cc.mrc (r=6 h=20)
[build_masks] averaging 672 subtomograms -> ref_1.mrc ...
[build_masks] wrote ref_1.mrc, ref_A_1.mrc, ref_B_1.mrc (global average of 672 particles)
=== [13:57:48] DONE  build_masks ===
=== [13:57:48] START build_pca_aux ===
[pca_aux] wrote filter_list.star (lp_rad=1.333000e+01 lp_sig=3 hp_rad=1 hp_sig=2)
[pca_aux] wrote pca_settings.txt (calc_ctf=0, calc_exp=0)
=== [13:58:16] DONE  build_pca_aux ===
=== [13:58:16] START parse_pca_rot_vol ===
MATLAB r2023b libraries sourced...
Parsing PCA parameters...
=== [13:58:25] DONE  parse_pca_rot_vol ===
=== [13:58:25] START parse_pca_calc_ccmat ===
MATLAB r2023b libraries sourced...
Parsing PCA parameters...
=== [13:58:33] DONE  parse_pca_calc_ccmat ===
=== [13:58:33] START parse_pca_calc_pca_ccmat ===
MATLAB r2023b libraries sourced...
Parsing PCA parameters...
=== [13:58:41] DONE  parse_pca_calc_pca_ccmat ===
=== [13:58:41] START run_pca ===
Sourcing libraries for SLURM run...
MATLAB r2023b libraries sourced...
Running using SLURM... procnum: 13 - hostname: m12-4-16 - node_id: 0 local_id: 12 - CPUs on Node: 64
Sourcing libraries for SLURM run...
MATLAB r2023b libraries sourced...
Running using SLURM... procnum: 26 - hostname: m12-4-16 - node_id: 0 local_id: 25 - CPUs on Node: 64
Sourcing libraries for SLURM run...
MATLAB r2023b libraries sourced...
Running using SLURM... procnum: 37 - hostname: m12-4-16 - node_id: 0 local_id: 36 - CPUs on Node: 64
Sourcing libraries for SLURM run...
MATLAB r2023b libraries sourced...
Running using SLURM... procnum: 21 - hostname: m12-4-16 - node_id: 0 local_id: 20 - CPUs on Node: 64
Sourcing libraries for SLURM run...
MATLAB r2023b libraries sourced...
Running using SLURM... procnum: 46 - hostname: m12-4-16 - node_id: 0 local_id: 45 - CPUs on Node: 64
Sourcing libraries for SLURM run...
Sourcing libraries for SLURM run...
Sourcing libraries for SLURM run...
Sourcing libraries for SLURM run...
Sourcing libraries for SLURM run...
Sourcing libraries for SLURM run...
MATLAB r2023b libraries sourced...
Sourcing libraries for SLURM run...
MATLAB r2023b libraries sourced...
Running using SLURM... procnum: 22 - hostname: m12-4-16 - node_id: 0 local_id: 21 - CPUs on Node: 64
Sourcing libraries for SLURM run...
Sourcing libraries for SLURM run...
Sourcing libraries for SLURM run...
Running using SLURM... procnum: 62 - hostname: m12-4-16 - node_id: 0 local_id: 61 - CPUs on Node: 64
Sourcing libraries for SLURM run...
MATLAB r2023b libraries sourced...
Sourcing libraries for SLURM run...
MATLAB r2023b libraries sourced...
Sourcing libraries for SLURM run...
MATLAB r2023b libraries sourced...
Sourcing libraries for SLURM run...
Running using SLURM... procnum: 1 - hostname: m12-4-16 - node_id: 0 local_id: 0 - CPUs on Node: 64
MATLAB r2023b libraries sourced...
MATLAB r2023b libraries sourced...
Sourcing libraries for SLURM run...
Running using SLURM... procnum: 42 - hostname: m12-4-16 - node_id: 0 local_id: 41 - CPUs on Node: 64
Sourcing libraries for SLURM run...
MATLAB r2023b libraries sourced...
Running using SLURM... procnum: 6 - hostname: m12-4-16 - node_id: 0 local_id: 5 - CPUs on Node: 64
MATLAB r2023b libraries sourced...
Running using SLURM... procnum: 43 - hostname: m12-4-16 - node_id: 0 local_id: 42 - CPUs on Node: 64
Running using SLURM... procnum: 10 - hostname: m12-4-16 - node_id: 0 local_id: 9 - CPUs on Node: 64
MATLAB r2023b libraries sourced...
Running using SLURM... procnum: 41 - hostname: m12-4-16 - node_id: 0 local_id: 40 - CPUs on Node: 64
Running using SLURM... procnum: 52 - hostname: m12-4-16 - node_id: 0 local_id: 51 - CPUs on Node: 64
Running using SLURM... procnum: 23 - hostname: m12-4-16 - node_id: 0 local_id: 22 - CPUs on Node: 64
Sourcing libraries for SLURM run...
MATLAB r2023b libraries sourced...
Running using SLURM... procnum: 33 - hostname: m12-4-16 - node_id: 0 local_id: 32 - CPUs on Node: 64
Sourcing libraries for SLURM run...
MATLAB r2023b libraries sourced...
Sourcing libraries for SLURM run...
MATLAB r2023b libraries sourced...
Running using SLURM... procnum: 64 - hostname: m12-4-16 - node_id: 0 local_id: 63 - CPUs on Node: 64
Running using SLURM... procnum: 19 - hostname: m12-4-16 - node_id: 0 local_id: 18 - CPUs on Node: 64
Sourcing libraries for SLURM run...
MATLAB r2023b libraries sourced...
Running using SLURM... procnum: 40 - hostname: m12-4-16 - node_id: 0 local_id: 39 - CPUs on Node: 64
Sourcing libraries for SLURM run...
MATLAB r2023b libraries sourced...
Running using SLURM... procnum: 2 - hostname: m12-4-16 - node_id: 0 local_id: 1 - CPUs on Node: 64
Sourcing libraries for SLURM run...
Sourcing libraries for SLURM run...
MATLAB r2023b libraries sourced...
Sourcing libraries for SLURM run...
MATLAB r2023b libraries sourced...
MATLAB r2023b libraries sourced...
Running using SLURM... procnum: 55 - hostname: m12-4-16 - node_id: 0 local_id: 54 - CPUs on Node: 64
Sourcing libraries for SLURM run...
Running using SLURM... procnum: 45 - hostname: m12-4-16 - node_id: 0 local_id: 44 - CPUs on Node: 64
MATLAB r2023b libraries sourced...
Running using SLURM... procnum: 44 - hostname: m12-4-16 - node_id: 0 local_id: 43 - CPUs on Node: 64
Running using SLURM... procnum: 54 - hostname: m12-4-16 - node_id: 0 local_id: 53 - CPUs on Node: 64
Sourcing libraries for SLURM run...
MATLAB r2023b libraries sourced...
Sourcing libraries for SLURM run...
MATLAB r2023b libraries sourced...
Running using SLURM... procnum: 5 - hostname: m12-4-16 - node_id: 0 local_id: 4 - CPUs on Node: 64
Sourcing libraries for SLURM run...
Sourcing libraries for SLURM run...
MATLAB r2023b libraries sourced...
Sourcing libraries for SLURM run...
MATLAB r2023b libraries sourced...
Running using SLURM... procnum: 15 - hostname: m12-4-16 - node_id: 0 local_id: 14 - CPUs on Node: 64
Running using SLURM... procnum: 56 - hostname: m12-4-16 - node_id: 0 local_id: 55 - CPUs on Node: 64
Running using SLURM... procnum: 57 - hostname: m12-4-16 - node_id: 0 local_id: 56 - CPUs on Node: 64
Sourcing libraries for SLURM run...
Sourcing libraries for SLURM run...
Sourcing libraries for SLURM run...
MATLAB r2023b libraries sourced...
Running using SLURM... procnum: 18 - hostname: m12-4-16 - node_id: 0 local_id: 17 - CPUs on Node: 64
Sourcing libraries for SLURM run...
MATLAB r2023b libraries sourced...
Sourcing libraries for SLURM run...
Sourcing libraries for SLURM run...
Sourcing libraries for SLURM run...
Sourcing libraries for SLURM run...
Sourcing libraries for SLURM run...
Sourcing libraries for SLURM run...
Sourcing libraries for SLURM run...
Sourcing libraries for SLURM run...
Running using SLURM... procnum: 29 - hostname: m12-4-16 - node_id: 0 local_id: 28 - CPUs on Node: 64
MATLAB r2023b libraries sourced...
MATLAB r2023b libraries sourced...
MATLAB r2023b libraries sourced...
Running using SLURM... procnum: 28 - hostname: m12-4-16 - node_id: 0 local_id: 27 - CPUs on Node: 64
Running using SLURM... procnum: 30 - hostname: m12-4-16 - node_id: 0 local_id: 29 - CPUs on Node: 64
MATLAB r2023b libraries sourced...
MATLAB r2023b libraries sourced...
MATLAB r2023b libraries sourced...
MATLAB r2023b libraries sourced...
MATLAB r2023b libraries sourced...
MATLAB r2023b libraries sourced...
MATLAB r2023b libraries sourced...
MATLAB r2023b libraries sourced...
MATLAB r2023b libraries sourced...
MATLAB r2023b libraries sourced...
MATLAB r2023b libraries sourced...
MATLAB r2023b libraries sourced...
MATLAB r2023b libraries sourced...
MATLAB r2023b libraries sourced...
Running using SLURM... procnum: 48 - hostname: m12-4-16 - node_id: 0 local_id: 47 - CPUs on Node: 64
Sourcing libraries for SLURM run...
MATLAB r2023b libraries sourced...
Sourcing libraries for SLURM run...
MATLAB r2023b libraries sourced...
Sourcing libraries for SLURM run...
MATLAB r2023b libraries sourced...
Running using SLURM... procnum: 50 - hostname: m12-4-16 - node_id: 0 local_id: 49 - CPUs on Node: 64
Running using SLURM... procnum: 20 - hostname: m12-4-16 - node_id: 0 local_id: 19 - CPUs on Node: 64
Sourcing libraries for SLURM run...
MATLAB r2023b libraries sourced...
Running using SLURM... procnum: 60 - hostname: m12-4-16 - node_id: 0 local_id: 59 - CPUs on Node: 64
Sourcing libraries for SLURM run...
MATLAB r2023b libraries sourced...
Running using SLURM... procnum: 59 - hostname: m12-4-16 - node_id: 0 local_id: 58 - CPUs on Node: 64
Sourcing libraries for SLURM run...
MATLAB r2023b libraries sourced...
Sourcing libraries for SLURM run...
MATLAB r2023b libraries sourced...
Running using SLURM... procnum: 3 - hostname: m12-4-16 - node_id: 0 local_id: 2 - CPUs on Node: 64
Sourcing libraries for SLURM run...
MATLAB r2023b libraries sourced...
Running using SLURM... procnum: 49 - hostname: m12-4-16 - node_id: 0 local_id: 48 - CPUs on Node: 64
Running using SLURM... procnum: 8 - hostname: m12-4-16 - node_id: 0 local_id: 7 - CPUs on Node: 64
Sourcing libraries for SLURM run...
MATLAB r2023b libraries sourced...
Running using SLURM... procnum: 34 - hostname: m12-4-16 - node_id: 0 local_id: 33 - CPUs on Node: 64
Sourcing libraries for SLURM run...
MATLAB r2023b libraries sourced...
Sourcing libraries for SLURM run...
MATLAB r2023b libraries sourced...
Running using SLURM... procnum: 17 - hostname: m12-4-16 - node_id: 0 local_id: 16 - CPUs on Node: 64
Running using SLURM... procnum: 4 - hostname: m12-4-16 - node_id: 0 local_id: 3 - CPUs on Node: 64
Sourcing libraries for SLURM run...
Sourcing libraries for SLURM run...
MATLAB r2023b libraries sourced...
Sourcing libraries for SLURM run...
Sourcing libraries for SLURM run...
MATLAB r2023b libraries sourced...
Sourcing libraries for SLURM run...
MATLAB r2023b libraries sourced...
Sourcing libraries for SLURM run...
MATLAB r2023b libraries sourced...
MATLAB r2023b libraries sourced...
Running using SLURM... procnum: 12 - hostname: m12-4-16 - node_id: 0 local_id: 11 - CPUs on Node: 64
MATLAB r2023b libraries sourced...
Running using SLURM... procnum: 39 - hostname: m12-4-16 - node_id: 0 local_id: 38 - CPUs on Node: 64
Running using SLURM... procnum: 9 - hostname: m12-4-16 - node_id: 0 local_id: 8 - CPUs on Node: 64
Running using SLURM... procnum: 11 - hostname: m12-4-16 - node_id: 0 local_id: 10 - CPUs on Node: 64
Running using SLURM... procnum: 58 - hostname: m12-4-16 - node_id: 0 local_id: 57 - CPUs on Node: 64
Running using SLURM... procnum: 31 - hostname: m12-4-16 - node_id: 0 local_id: 30 - CPUs on Node: 64
Running using SLURM... procnum: 14 - hostname: m12-4-16 - node_id: 0 local_id: 13 - CPUs on Node: 64
Running using SLURM... procnum: 61 - hostname: m12-4-16 - node_id: 0 local_id: 60 - CPUs on Node: 64
Running using SLURM... procnum: 63 - hostname: m12-4-16 - node_id: 0 local_id: 62 - CPUs on Node: 64
Running using SLURM... procnum: 25 - hostname: m12-4-16 - node_id: 0 local_id: 24 - CPUs on Node: 64
Running using SLURM... procnum: 51 - hostname: m12-4-16 - node_id: 0 local_id: 50 - CPUs on Node: 64
Running using SLURM... procnum: 7 - hostname: m12-4-16 - node_id: 0 local_id: 6 - CPUs on Node: 64
Running using SLURM... procnum: 32 - hostname: m12-4-16 - node_id: 0 local_id: 31 - CPUs on Node: 64
Running using SLURM... procnum: 35 - hostname: m12-4-16 - node_id: 0 local_id: 34 - CPUs on Node: 64
Running using SLURM... procnum: 16 - hostname: m12-4-16 - node_id: 0 local_id: 15 - CPUs on Node: 64
Running using SLURM... procnum: 27 - hostname: m12-4-16 - node_id: 0 local_id: 26 - CPUs on Node: 64
Running using SLURM... procnum: 53 - hostname: m12-4-16 - node_id: 0 local_id: 52 - CPUs on Node: 64
Running using SLURM... procnum: 47 - hostname: m12-4-16 - node_id: 0 local_id: 46 - CPUs on Node: 64
Running using SLURM... procnum: 38 - hostname: m12-4-16 - node_id: 0 local_id: 37 - CPUs on Node: 64
Running using SLURM... procnum: 24 - hostname: m12-4-16 - node_id: 0 local_id: 23 - CPUs on Node: 64
Running using SLURM... procnum: 36 - hostname: m12-4-16 - node_id: 0 local_id: 35 - CPUs on Node: 64
core46_m12-4-16_node1-46: STOPGAP loaded!!!
Node46: Initializing...
Node46: Reading parameter file...
Node46: Reading settings...
core23_m12-4-16_node1-23: STOPGAP loaded!!!
Node23: Initializing...
Node23: Reading parameter file...
Node23: Reading settings...
Node46: Job progress: 1 out of 10 subtomograms rotated... 9.2 seconds remaining...
Node23: Job progress: 1 out of 11 subtomograms rotated... 7.0 seconds remaining...
Node46: Job progress: 2 out of 10 subtomograms rotated... 4.9 seconds remaining...
Node23: Job progress: 2 out of 11 subtomograms rotated... 4.0 seconds remaining...
Node46: Job progress: 3 out of 10 subtomograms rotated... 3.4 seconds remaining...
Node23: Job progress: 3 out of 11 subtomograms rotated... 3.0 seconds remaining...
Node46: Job progress: 4 out of 10 subtomograms rotated... 2.5 seconds remaining...
Node23: Job progress: 4 out of 11 subtomograms rotated... 2.3 seconds remaining...
Node23: Job progress: 5 out of 11 subtomograms rotated... 1.9 seconds remaining...
Node46: Job progress: 5 out of 10 subtomograms rotated... 2.0 seconds remaining...
Node23: Job progress: 6 out of 11 subtomograms rotated... 1.5 seconds remaining...
Node46: Job progress: 6 out of 10 subtomograms rotated... 1.4 seconds remaining...
Node23: Job progress: 7 out of 11 subtomograms rotated... 1.1 seconds remaining...
Node46: Job progress: 7 out of 10 subtomograms rotated... 1.0 seconds remaining...
Node46: Job progress: 8 out of 10 subtomograms rotated... 0.6 seconds remaining...
Node23: Job progress: 8 out of 11 subtomograms rotated... 0.8 seconds remaining...
Node46: Job progress: 9 out of 10 subtomograms rotated... 0.3 seconds remaining...
Node23: Job progress: 9 out of 11 subtomograms rotated... 0.5 seconds remaining...
Node23: Job progress: 10 out of 11 subtomograms rotated... 0.3 seconds remaining...
Node46: Job progress: 10 out of 10 subtomograms rotated... 0.0 seconds remaining...
Node46: Parallel pre-rotation completed!!!1!
Node23: Job progress: 11 out of 11 subtomograms rotated... 0.0 seconds remaining...
Node23: Parallel pre-rotation completed!!!1!
core34_m12-4-16_node1-34: STOPGAP loaded!!!
core08_m12-4-16_node1-08: STOPGAP loaded!!!
core18_m12-4-16_node1-18: STOPGAP loaded!!!
Node34: Initializing...
Node34: Reading parameter file...
Node8: Initializing...
Node8: Reading parameter file...
core60_m12-4-16_node1-60: STOPGAP loaded!!!
Node18: Initializing...
Node18: Reading parameter file...
Node34: Reading settings...
Node8: Reading settings...
Node18: Reading settings...
Node60: Initializing...
Node60: Reading parameter file...
Node60: Reading settings...
core16_m12-4-16_node1-16: STOPGAP loaded!!!
Node16: Initializing...
Node16: Reading parameter file...
core47_m12-4-16_node1-47: STOPGAP loaded!!!
Node16: Reading settings...
core57_m12-4-16_node1-57: STOPGAP loaded!!!
Node47: Initializing...
Node47: Reading parameter file...
core48_m12-4-16_node1-48: STOPGAP loaded!!!
core19_m12-4-16_node1-19: STOPGAP loaded!!!
core35_m12-4-16_node1-35: STOPGAP loaded!!!
Node57: Initializing...
Node57: Reading parameter file...
Node47: Reading settings...
Node48: Initializing...
Node48: Reading parameter file...
Node19: Initializing...
Node19: Reading parameter file...
Node35: Initializing...
Node35: Reading parameter file...
Node57: Reading settings...
Node48: Reading settings...
Node19: Reading settings...
Node35: Reading settings...
core52_m12-4-16_node1-52: STOPGAP loaded!!!
core44_m12-4-16_node1-44: STOPGAP loaded!!!
Node52: Initializing...
Node52: Reading parameter file...
core30_m12-4-16_node1-30: STOPGAP loaded!!!
Node44: Initializing...
Node44: Reading parameter file...
core04_m12-4-16_node1-04: STOPGAP loaded!!!
Node30: Initializing...
Node30: Reading parameter file...
Node52: Reading settings...
core50_m12-4-16_node1-50: STOPGAP loaded!!!
Node44: Reading settings...
Node4: Initializing...
Node4: Reading parameter file...
Node30: Reading settings...
core12_m12-4-16_node1-12: STOPGAP loaded!!!
Node50: Initializing...
Node50: Reading parameter file...
Node4: Reading settings...
Node12: Initializing...
Node12: Reading parameter file...
Node50: Reading settings...
Node12: Reading settings...
core20_m12-4-16_node1-20: STOPGAP loaded!!!
Node20: Initializing...
Node20: Reading parameter file...
core22_m12-4-16_node1-22: STOPGAP loaded!!!
Node20: Reading settings...
Node22: Initializing...
Node22: Reading parameter file...
core58_m12-4-16_node1-58: STOPGAP loaded!!!
core24_m12-4-16_node1-24: STOPGAP loaded!!!
core61_m12-4-16_node1-61: STOPGAP loaded!!!
Node22: Reading settings...
Node58: Initializing...
Node58: Reading parameter file...
Node24: Initializing...
Node24: Reading parameter file...
Node61: Initializing...
Node61: Reading parameter file...
Node58: Reading settings...
Node61: Reading settings...
Node24: Reading settings...
core26_m12-4-16_node1-26: STOPGAP loaded!!!
core01_m12-4-16_node1-01: STOPGAP loaded!!!
Node26: Initializing...
Node26: Reading parameter file...
core07_m12-4-16_node1-07: STOPGAP loaded!!!
Node1: Initializing...
Node1: Reading parameter file...
core25_m12-4-16_node1-25: STOPGAP loaded!!!
Node26: Reading settings...
Node7: Initializing...
Node7: Reading parameter file...
core54_m12-4-16_node1-54: STOPGAP loaded!!!
core59_m12-4-16_node1-59: STOPGAP loaded!!!
core05_m12-4-16_node1-05: STOPGAP loaded!!!
Node25: Initializing...
Node25: Reading parameter file...
Node54: Initializing...
Node54: Reading parameter file...
Node7: Reading settings...
Node59: Initializing...
Node59: Reading parameter file...
Node5: Initializing...
Node5: Reading parameter file...
Node25: Reading settings...
Node54: Reading settings...
Node59: Reading settings...
Node5: Reading settings...
Node8: Job progress: 1 out of 11 subtomograms rotated... 7.8 seconds remaining...
Node1: Reading settings...
Node34: Job progress: 1 out of 10 subtomograms rotated... 6.4 seconds remaining...
Node8: Job progress: 2 out of 11 subtomograms rotated... 4.8 seconds remaining...
Node60: Job progress: 1 out of 10 subtomograms rotated... 6.8 seconds remaining...
Node18: Job progress: 1 out of 11 subtomograms rotated... 7.4 seconds remaining...
Node8: Job progress: 3 out of 11 subtomograms rotated... 3.4 seconds remaining...
Node34: Job progress: 2 out of 10 subtomograms rotated... 3.7 seconds remaining...
core37_m12-4-16_node1-37: STOPGAP loaded!!!
Node47: Job progress: 1 out of 10 subtomograms rotated... 6.6 seconds remaining...
core27_m12-4-16_node1-27: STOPGAP loaded!!!
Node60: Job progress: 2 out of 10 subtomograms rotated... 4.1 seconds remaining...
core39_m12-4-16_node1-39: STOPGAP loaded!!!
Node37: Initializing...
Node37: Reading parameter file...
Node8: Job progress: 4 out of 11 subtomograms rotated... 2.6 seconds remaining...
core51_m12-4-16_node1-51: STOPGAP loaded!!!
Node48: Job progress: 1 out of 10 subtomograms rotated... 6.7 seconds remaining...
Node27: Initializing...
Node27: Reading parameter file...
Node57: Job progress: 1 out of 10 subtomograms rotated... 7.1 seconds remaining...
Node18: Job progress: 2 out of 11 subtomograms rotated... 4.6 seconds remaining...
core42_m12-4-16_node1-42: STOPGAP loaded!!!
Node34: Job progress: 3 out of 10 subtomograms rotated... 2.9 seconds remaining...
Node39: Initializing...
Node39: Reading parameter file...
core21_m12-4-16_node1-21: STOPGAP loaded!!!
Node37: Reading settings...
Node51: Initializing...
Node51: Reading parameter file...
Node27: Reading settings...
Node42: Initializing...
Node42: Reading parameter file...
Node47: Job progress: 2 out of 10 subtomograms rotated... 4.1 seconds remaining...
Node21: Initializing...
Node21: Reading parameter file...
Node60: Job progress: 3 out of 10 subtomograms rotated... 3.0 seconds remaining...
Node39: Reading settings...
Node8: Job progress: 5 out of 11 subtomograms rotated... 2.0 seconds remaining...
Node51: Reading settings...
Node48: Job progress: 2 out of 10 subtomograms rotated... 3.8 seconds remaining...
Node42: Reading settings...
Node21: Reading settings...
Node16: Job progress: 1 out of 11 subtomograms rotated... 7.5 seconds remaining...
Node34: Job progress: 4 out of 10 subtomograms rotated... 2.3 seconds remaining...
Node18: Job progress: 3 out of 11 subtomograms rotated... 3.5 seconds remaining...
Node57: Job progress: 2 out of 10 subtomograms rotated... 4.3 seconds remaining...
Node60: Job progress: 4 out of 10 subtomograms rotated... 2.2 seconds remaining...
Node35: Job progress: 1 out of 10 subtomograms rotated... 7.1 seconds remaining...
Node47: Job progress: 3 out of 10 subtomograms rotated... 2.9 seconds remaining...
Node52: Job progress: 1 out of 10 subtomograms rotated... 6.6 seconds remaining...
Node48: Job progress: 3 out of 10 subtomograms rotated... 2.7 seconds remaining...
Node8: Job progress: 6 out of 11 subtomograms rotated... 1.6 seconds remaining...
Node16: Job progress: 2 out of 11 subtomograms rotated... 4.3 seconds remaining...
Node34: Job progress: 5 out of 10 subtomograms rotated... 1.7 seconds remaining...
Node57: Job progress: 3 out of 10 subtomograms rotated... 3.0 seconds remaining...
Node30: Job progress: 1 out of 11 subtomograms rotated... 7.5 seconds remaining...
Node47: Job progress: 4 out of 10 subtomograms rotated... 2.2 seconds remaining...
Node18: Job progress: 4 out of 11 subtomograms rotated... 2.8 seconds remaining...
Node35: Job progress: 2 out of 10 subtomograms rotated... 4.1 seconds remaining...
Node8: Job progress: 7 out of 11 subtomograms rotated... 1.2 seconds remaining...
core10_m12-4-16_node1-10: STOPGAP loaded!!!
Node60: Job progress: 5 out of 10 subtomograms rotated... 1.8 seconds remaining...
Node4: Job progress: 1 out of 11 subtomograms rotated... 7.9 seconds remaining...
Node52: Job progress: 2 out of 10 subtomograms rotated... 4.1 seconds remaining...
Node48: Job progress: 4 out of 10 subtomograms rotated... 2.2 seconds remaining...
Node10: Initializing...
Node10: Reading parameter file...
Node34: Job progress: 6 out of 10 subtomograms rotated... 1.3 seconds remaining...
Node57: Job progress: 4 out of 10 subtomograms rotated... 2.3 seconds remaining...
core29_m12-4-16_node1-29: STOPGAP loaded!!!
Node30: Job progress: 2 out of 11 subtomograms rotated... 4.4 seconds remaining...
Node47: Job progress: 5 out of 10 subtomograms rotated... 1.6 seconds remaining...
Node16: Job progress: 3 out of 11 subtomograms rotated... 3.3 seconds remaining...
core36_m12-4-16_node1-36: STOPGAP loaded!!!
Node8: Job progress: 8 out of 11 subtomograms rotated... 0.9 seconds remaining...
core09_m12-4-16_node1-09: STOPGAP loaded!!!
Node35: Job progress: 3 out of 10 subtomograms rotated... 2.9 seconds remaining...
Node10: Reading settings...
Node19: Job progress: 1 out of 11 subtomograms rotated... 7.7 seconds remaining...
Node60: Job progress: 6 out of 10 subtomograms rotated... 1.3 seconds remaining...
Node18: Job progress: 5 out of 11 subtomograms rotated... 2.2 seconds remaining...
Node29: Initializing...
Node29: Reading parameter file...
core63_m12-4-16_node1-63: STOPGAP loaded!!!
Node36: Initializing...
Node36: Reading parameter file...
Node9: Initializing...
Node9: Reading parameter file...
Node52: Job progress: 3 out of 10 subtomograms rotated... 2.9 seconds remaining...
Node34: Job progress: 7 out of 10 subtomograms rotated... 0.9 seconds remaining...
Node57: Job progress: 5 out of 10 subtomograms rotated... 1.7 seconds remaining...
core64_m12-4-16_node1-64: STOPGAP loaded!!!
Node47: Job progress: 6 out of 10 subtomograms rotated... 1.2 seconds remaining...
Node29: Reading settings...
Node4: Job progress: 2 out of 11 subtomograms rotated... 4.9 seconds remaining...
Node30: Job progress: 3 out of 11 subtomograms rotated... 3.2 seconds remaining...
Node63: Initializing...
Node63: Reading parameter file...
Node48: Job progress: 5 out of 10 subtomograms rotated... 1.8 seconds remaining...
Node36: Reading settings...
Node16: Job progress: 4 out of 11 subtomograms rotated... 2.6 seconds remaining...
Node9: Reading settings...
core41_m12-4-16_node1-41: STOPGAP loaded!!!
Node35: Job progress: 4 out of 10 subtomograms rotated... 2.2 seconds remaining...
Node60: Job progress: 7 out of 10 subtomograms rotated... 0.9 seconds remaining...
Node8: Job progress: 9 out of 11 subtomograms rotated... 0.6 seconds remaining...
Node64: Initializing...
Node64: Reading parameter file...
Node63: Reading settings...
Node41: Initializing...
Node41: Reading parameter file...
Node18: Job progress: 6 out of 11 subtomograms rotated... 1.8 seconds remaining...
Node52: Job progress: 4 out of 10 subtomograms rotated... 2.2 seconds remaining...
Node19: Job progress: 2 out of 11 subtomograms rotated... 4.9 seconds remaining...
Node47: Job progress: 7 out of 10 subtomograms rotated... 0.9 seconds remaining...
Node30: Job progress: 4 out of 11 subtomograms rotated... 2.5 seconds remaining...
Node64: Reading settings...
Node48: Job progress: 6 out of 10 subtomograms rotated... 1.3 seconds remaining...
Node34: Job progress: 8 out of 10 subtomograms rotated... 0.6 seconds remaining...
Node57: Job progress: 6 out of 10 subtomograms rotated... 1.3 seconds remaining...
Node41: Reading settings...
Node50: Job progress: 1 out of 10 subtomograms rotated... 12.1 seconds remaining...
Node8: Job progress: 10 out of 11 subtomograms rotated... 0.3 seconds remaining...
Node4: Job progress: 3 out of 11 subtomograms rotated... 3.7 seconds remaining...
Node60: Job progress: 8 out of 10 subtomograms rotated... 0.6 seconds remaining...
Node16: Job progress: 5 out of 11 subtomograms rotated... 2.1 seconds remaining...
Node18: Job progress: 7 out of 11 subtomograms rotated... 1.3 seconds remaining...
Node44: Job progress: 1 out of 10 subtomograms rotated... 13.8 seconds remaining...
Node35: Job progress: 5 out of 10 subtomograms rotated... 1.8 seconds remaining...
Node47: Job progress: 8 out of 10 subtomograms rotated... 0.6 seconds remaining...
Node52: Job progress: 5 out of 10 subtomograms rotated... 1.7 seconds remaining...
Node19: Job progress: 3 out of 11 subtomograms rotated... 3.5 seconds remaining...
Node22: Job progress: 1 out of 11 subtomograms rotated... 7.9 seconds remaining...
Node57: Job progress: 7 out of 10 subtomograms rotated... 0.9 seconds remaining...
Node30: Job progress: 5 out of 11 subtomograms rotated... 2.0 seconds remaining...
Node48: Job progress: 7 out of 10 subtomograms rotated... 0.9 seconds remaining...
Node34: Job progress: 9 out of 10 subtomograms rotated... 0.3 seconds remaining...
Node4: Job progress: 4 out of 11 subtomograms rotated... 2.8 seconds remaining...
Node60: Job progress: 9 out of 10 subtomograms rotated... 0.3 seconds remaining...
Node8: Job progress: 11 out of 11 subtomograms rotated... 0.0 seconds remaining...
Node18: Job progress: 8 out of 11 subtomograms rotated... 1.0 seconds remaining...
Node12: Job progress: 1 out of 11 subtomograms rotated... 8.4 seconds remaining...
Node58: Job progress: 1 out of 10 subtomograms rotated... 7.2 seconds remaining...
Node8: Parallel pre-rotation completed!!!1!
Node35: Job progress: 6 out of 10 subtomograms rotated... 1.3 seconds remaining...
Node50: Job progress: 2 out of 10 subtomograms rotated... 6.6 seconds remaining...
Node44: Job progress: 2 out of 10 subtomograms rotated... 7.1 seconds remaining...
Node47: Job progress: 9 out of 10 subtomograms rotated... 0.3 seconds remaining...
Node52: Job progress: 6 out of 10 subtomograms rotated... 1.3 seconds remaining...
Node22: Job progress: 2 out of 11 subtomograms rotated... 4.7 seconds remaining...
Node19: Job progress: 4 out of 11 subtomograms rotated... 2.7 seconds remaining...
Node57: Job progress: 8 out of 10 subtomograms rotated... 0.6 seconds remaining...
Node16: Job progress: 6 out of 11 subtomograms rotated... 1.8 seconds remaining...
Node30: Job progress: 6 out of 11 subtomograms rotated... 1.6 seconds remaining...
Node20: Job progress: 1 out of 11 subtomograms rotated... 8.2 seconds remaining...
Node60: Job progress: 10 out of 10 subtomograms rotated... 0.0 seconds remaining...
core03_m12-4-16_node1-03: STOPGAP loaded!!!
Node4: Job progress: 5 out of 11 subtomograms rotated... 2.2 seconds remaining...
Node18: Job progress: 9 out of 11 subtomograms rotated... 0.6 seconds remaining...
Node48: Job progress: 8 out of 10 subtomograms rotated... 0.6 seconds remaining...
Node34: Job progress: 10 out of 10 subtomograms rotated... 0.0 seconds remaining...
Node35: Job progress: 7 out of 10 subtomograms rotated... 0.9 seconds remaining...
Node60: Parallel pre-rotation completed!!!1!
Node58: Job progress: 2 out of 10 subtomograms rotated... 4.1 seconds remaining...
Node12: Job progress: 2 out of 11 subtomograms rotated... 4.9 seconds remaining...
Node3: Initializing...
Node3: Reading parameter file...
Node34: Parallel pre-rotation completed!!!1!
Node47: Job progress: 10 out of 10 subtomograms rotated... 0.0 seconds remaining...
Node50: Job progress: 3 out of 10 subtomograms rotated... 4.5 seconds remaining...
Node44: Job progress: 3 out of 10 subtomograms rotated... 4.8 seconds remaining...
Node52: Job progress: 7 out of 10 subtomograms rotated... 0.9 seconds remaining...
Node47: Parallel pre-rotation completed!!!1!
Node3: Reading settings...
Node57: Job progress: 9 out of 10 subtomograms rotated... 0.3 seconds remaining...
core02_m12-4-16_node1-02: STOPGAP loaded!!!
Node16: Job progress: 7 out of 11 subtomograms rotated... 1.4 seconds remaining...
Node30: Job progress: 7 out of 11 subtomograms rotated... 1.2 seconds remaining...
core38_m12-4-16_node1-38: STOPGAP loaded!!!
Node19: Job progress: 5 out of 11 subtomograms rotated... 2.3 seconds remaining...
Node22: Job progress: 3 out of 11 subtomograms rotated... 3.7 seconds remaining...
Node20: Job progress: 2 out of 11 subtomograms rotated... 5.2 seconds remaining...
Node4: Job progress: 6 out of 11 subtomograms rotated... 1.8 seconds remaining...
Node18: Job progress: 10 out of 11 subtomograms rotated... 0.3 seconds remaining...
Node48: Job progress: 9 out of 10 subtomograms rotated... 0.3 seconds remaining...
Node58: Job progress: 3 out of 10 subtomograms rotated... 3.0 seconds remaining...
Node2: Initializing...
Node2: Reading parameter file...
Node35: Job progress: 8 out of 10 subtomograms rotated... 0.6 seconds remaining...
Node52: Job progress: 8 out of 10 subtomograms rotated... 0.6 seconds remaining...
Node50: Job progress: 4 out of 10 subtomograms rotated... 3.2 seconds remaining...
Node24: Job progress: 1 out of 11 subtomograms rotated... 8.1 seconds remaining...
Node38: Initializing...
Node38: Reading parameter file...
Node57: Job progress: 10 out of 10 subtomograms rotated... 0.0 seconds remaining...
Node12: Job progress: 3 out of 11 subtomograms rotated... 3.7 seconds remaining...
Node44: Job progress: 4 out of 10 subtomograms rotated... 3.5 seconds remaining...
Node30: Job progress: 8 out of 11 subtomograms rotated... 0.9 seconds remaining...
Node2: Reading settings...
Node57: Parallel pre-rotation completed!!!1!
Node38: Reading settings...
Node16: Job progress: 8 out of 11 subtomograms rotated... 1.0 seconds remaining...
Node18: Job progress: 11 out of 11 subtomograms rotated... 0.0 seconds remaining...
Node20: Job progress: 3 out of 11 subtomograms rotated... 3.7 seconds remaining...
Node61: Job progress: 1 out of 10 subtomograms rotated... 12.4 seconds remaining...
Node18: Parallel pre-rotation completed!!!1!
Node19: Job progress: 6 out of 11 subtomograms rotated... 1.8 seconds remaining...
Node22: Job progress: 4 out of 11 subtomograms rotated... 3.0 seconds remaining...
Node4: Job progress: 7 out of 11 subtomograms rotated... 1.4 seconds remaining...
Node48: Job progress: 10 out of 10 subtomograms rotated... 0.0 seconds remaining...
Node24: Job progress: 2 out of 11 subtomograms rotated... 4.8 seconds remaining...
Node26: Job progress: 1 out of 11 subtomograms rotated... 8.1 seconds remaining...
Node52: Job progress: 9 out of 10 subtomograms rotated... 0.3 seconds remaining...
Node50: Job progress: 5 out of 10 subtomograms rotated... 2.5 seconds remaining...
Node48: Parallel pre-rotation completed!!!1!
Node58: Job progress: 4 out of 10 subtomograms rotated... 2.5 seconds remaining...
Node30: Job progress: 9 out of 11 subtomograms rotated... 0.6 seconds remaining...
Node35: Job progress: 9 out of 10 subtomograms rotated... 0.3 seconds remaining...
Node44: Job progress: 5 out of 10 subtomograms rotated... 2.6 seconds remaining...
Node12: Job progress: 4 out of 11 subtomograms rotated... 3.0 seconds remaining...
Node20: Job progress: 4 out of 11 subtomograms rotated... 2.8 seconds remaining...
Node16: Job progress: 9 out of 11 subtomograms rotated... 0.7 seconds remaining...
Node19: Job progress: 7 out of 11 subtomograms rotated... 1.4 seconds remaining...
Node4: Job progress: 8 out of 11 subtomograms rotated... 1.0 seconds remaining...
Node22: Job progress: 5 out of 11 subtomograms rotated... 2.3 seconds remaining...
Node7: Job progress: 1 out of 11 subtomograms rotated... 8.3 seconds remaining...
Node61: Job progress: 2 out of 10 subtomograms rotated... 6.7 seconds remaining...
Node52: Job progress: 10 out of 10 subtomograms rotated... 0.0 seconds remaining...
Node24: Job progress: 3 out of 11 subtomograms rotated... 3.5 seconds remaining...
Node50: Job progress: 6 out of 10 subtomograms rotated... 1.8 seconds remaining...
Node54: Job progress: 1 out of 10 subtomograms rotated... 7.1 seconds remaining...
Node30: Job progress: 10 out of 11 subtomograms rotated... 0.3 seconds remaining...
Node52: Parallel pre-rotation completed!!!1!
Node44: Job progress: 6 out of 10 subtomograms rotated... 1.9 seconds remaining...
Node59: Job progress: 1 out of 10 subtomograms rotated... 7.2 seconds remaining...
Node58: Job progress: 5 out of 10 subtomograms rotated... 1.9 seconds remaining...
Node35: Job progress: 10 out of 10 subtomograms rotated... 0.0 seconds remaining...
Node20: Job progress: 5 out of 11 subtomograms rotated... 2.2 seconds remaining...
Node26: Job progress: 2 out of 11 subtomograms rotated... 5.2 seconds remaining...
Node19: Job progress: 8 out of 11 subtomograms rotated... 1.0 seconds remaining...
Node4: Job progress: 9 out of 11 subtomograms rotated... 0.6 seconds remaining...
Node5: Job progress: 1 out of 11 subtomograms rotated... 8.3 seconds remaining...
core56_m12-4-16_node1-56: STOPGAP loaded!!!
Node35: Parallel pre-rotation completed!!!1!
Node16: Job progress: 10 out of 11 subtomograms rotated... 0.3 seconds remaining...
Node12: Job progress: 5 out of 11 subtomograms rotated... 2.5 seconds remaining...
Node25: Job progress: 1 out of 11 subtomograms rotated... 7.9 seconds remaining...
Node24: Job progress: 4 out of 11 subtomograms rotated... 2.7 seconds remaining...
Node50: Job progress: 7 out of 10 subtomograms rotated... 1.3 seconds remaining...
Node44: Job progress: 7 out of 10 subtomograms rotated... 1.3 seconds remaining...
Node54: Job progress: 2 out of 10 subtomograms rotated... 4.1 seconds remaining...
Node22: Job progress: 6 out of 11 subtomograms rotated... 1.9 seconds remaining...
Node56: Initializing...
Node56: Reading parameter file...
Node61: Job progress: 3 out of 10 subtomograms rotated... 4.7 seconds remaining...
Node7: Job progress: 2 out of 11 subtomograms rotated... 5.2 seconds remaining...
Node58: Job progress: 6 out of 10 subtomograms rotated... 1.4 seconds remaining...
Node30: Job progress: 11 out of 11 subtomograms rotated... 0.0 seconds remaining...
Node19: Job progress: 9 out of 11 subtomograms rotated... 0.6 seconds remaining...
Node59: Job progress: 2 out of 10 subtomograms rotated... 4.2 seconds remaining...
Node26: Job progress: 3 out of 11 subtomograms rotated... 3.7 seconds remaining...
Node20: Job progress: 6 out of 11 subtomograms rotated... 1.8 seconds remaining...
Node30: Parallel pre-rotation completed!!!1!
Node56: Reading settings...
core53_m12-4-16_node1-53: STOPGAP loaded!!!
Node4: Job progress: 10 out of 11 subtomograms rotated... 0.3 seconds remaining...
core13_m12-4-16_node1-13: STOPGAP loaded!!!
Node5: Job progress: 2 out of 11 subtomograms rotated... 5.2 seconds remaining...
Node12: Job progress: 6 out of 11 subtomograms rotated... 2.0 seconds remaining...
Node24: Job progress: 5 out of 11 subtomograms rotated... 2.2 seconds remaining...
Node16: Job progress: 11 out of 11 subtomograms rotated... 0.0 seconds remaining...
Node25: Job progress: 2 out of 11 subtomograms rotated... 4.9 seconds remaining...
Node53: Initializing...
Node53: Reading parameter file...
Node54: Job progress: 3 out of 10 subtomograms rotated... 3.0 seconds remaining...
Node61: Job progress: 4 out of 10 subtomograms rotated... 3.4 seconds remaining...
Node7: Job progress: 3 out of 11 subtomograms rotated... 3.7 seconds remaining...
Node13: Initializing...
Node13: Reading parameter file...
Node58: Job progress: 7 out of 10 subtomograms rotated... 1.0 seconds remaining...
Node50: Job progress: 8 out of 10 subtomograms rotated... 0.8 seconds remaining...
Node16: Parallel pre-rotation completed!!!1!
Node44: Job progress: 8 out of 10 subtomograms rotated... 0.8 seconds remaining...
Node22: Job progress: 7 out of 11 subtomograms rotated... 1.5 seconds remaining...
Node26: Job progress: 4 out of 11 subtomograms rotated... 2.8 seconds remaining...
Node19: Job progress: 10 out of 11 subtomograms rotated... 0.3 seconds remaining...
Node4: Job progress: 11 out of 11 subtomograms rotated... 0.0 seconds remaining...
Node59: Job progress: 3 out of 10 subtomograms rotated... 3.2 seconds remaining...
Node53: Reading settings...
Node20: Job progress: 7 out of 11 subtomograms rotated... 1.4 seconds remaining...
Node13: Reading settings...
Node12: Job progress: 7 out of 11 subtomograms rotated... 1.5 seconds remaining...
Node4: Parallel pre-rotation completed!!!1!
Node25: Job progress: 3 out of 11 subtomograms rotated... 3.6 seconds remaining...
Node54: Job progress: 4 out of 10 subtomograms rotated... 2.3 seconds remaining...
Node7: Job progress: 4 out of 11 subtomograms rotated... 2.9 seconds remaining...
Node24: Job progress: 6 out of 11 subtomograms rotated... 1.8 seconds remaining...
Node44: Job progress: 9 out of 10 subtomograms rotated... 0.4 seconds remaining...
Node5: Job progress: 3 out of 11 subtomograms rotated... 4.0 seconds remaining...
Node22: Job progress: 8 out of 11 subtomograms rotated... 1.1 seconds remaining...
Node26: Job progress: 5 out of 11 subtomograms rotated... 2.3 seconds remaining...
Node58: Job progress: 8 out of 10 subtomograms rotated... 0.7 seconds remaining...
Node19: Job progress: 11 out of 11 subtomograms rotated... 0.0 seconds remaining...
Node50: Job progress: 9 out of 10 subtomograms rotated... 0.4 seconds remaining...
Node61: Job progress: 5 out of 10 subtomograms rotated... 2.6 seconds remaining...
Node59: Job progress: 4 out of 10 subtomograms rotated... 2.4 seconds remaining...
Node12: Job progress: 8 out of 11 subtomograms rotated... 1.0 seconds remaining...
Node19: Parallel pre-rotation completed!!!1!
Node20: Job progress: 8 out of 11 subtomograms rotated... 1.0 seconds remaining...
Node25: Job progress: 4 out of 11 subtomograms rotated... 2.7 seconds remaining...
Node24: Job progress: 7 out of 11 subtomograms rotated... 1.3 seconds remaining...
Node44: Job progress: 10 out of 10 subtomograms rotated... 0.0 seconds remaining...
Node5: Job progress: 4 out of 11 subtomograms rotated... 3.0 seconds remaining...
Node27: Job progress: 1 out of 11 subtomograms rotated... 8.4 seconds remaining...
Node50: Job progress: 10 out of 10 subtomograms rotated... 0.0 seconds remaining...
Node44: Parallel pre-rotation completed!!!1!
Node54: Job progress: 5 out of 10 subtomograms rotated... 1.9 seconds remaining...
core31_m12-4-16_node1-31: STOPGAP loaded!!!
Node7: Job progress: 5 out of 11 subtomograms rotated... 2.4 seconds remaining...
Node61: Job progress: 6 out of 10 subtomograms rotated... 1.9 seconds remaining...
Node22: Job progress: 9 out of 11 subtomograms rotated... 0.7 seconds remaining...
Node39: Job progress: 1 out of 10 subtomograms rotated... 7.6 seconds remaining...
Node58: Job progress: 9 out of 10 subtomograms rotated... 0.3 seconds remaining...
core14_m12-4-16_node1-14: STOPGAP loaded!!!
Node42: Job progress: 1 out of 10 subtomograms rotated... 7.6 seconds remaining...
Node26: Job progress: 6 out of 11 subtomograms rotated... 1.9 seconds remaining...
Node59: Job progress: 5 out of 10 subtomograms rotated... 1.9 seconds remaining...
Node25: Job progress: 5 out of 11 subtomograms rotated... 2.2 seconds remaining...
Node12: Job progress: 9 out of 11 subtomograms rotated... 0.7 seconds remaining...
Node20: Job progress: 9 out of 11 subtomograms rotated... 0.7 seconds remaining...
Node24: Job progress: 8 out of 11 subtomograms rotated... 1.0 seconds remaining...
core43_m12-4-16_node1-43: STOPGAP loaded!!!
Node31: Initializing...
Node31: Reading parameter file...
Node5: Job progress: 5 out of 11 subtomograms rotated... 2.3 seconds remaining...
Node14: Initializing...
Node14: Reading parameter file...
Node21: Job progress: 1 out of 11 subtomograms rotated... 8.3 seconds remaining...
Node61: Job progress: 7 out of 10 subtomograms rotated... 1.3 seconds remaining...
Node43: Initializing...
Node43: Reading parameter file...
Node27: Job progress: 2 out of 11 subtomograms rotated... 5.1 seconds remaining...
Node31: Reading settings...
Node58: Job progress: 10 out of 10 subtomograms rotated... 0.0 seconds remaining...
Node14: Reading settings...
Node54: Job progress: 6 out of 10 subtomograms rotated... 1.5 seconds remaining...
Node58: Parallel pre-rotation completed!!!1!
Node22: Job progress: 10 out of 11 subtomograms rotated... 0.3 seconds remaining...
core62_m12-4-16_node1-62: STOPGAP loaded!!!
Node43: Reading settings...
Node37: Job progress: 1 out of 10 subtomograms rotated... 7.7 seconds remaining...
core32_m12-4-16_node1-32: STOPGAP loaded!!!
Node7: Job progress: 6 out of 11 subtomograms rotated... 1.9 seconds remaining...
Node25: Job progress: 6 out of 11 subtomograms rotated... 1.7 seconds remaining...
Node12: Job progress: 10 out of 11 subtomograms rotated... 0.3 seconds remaining...
Node26: Job progress: 7 out of 11 subtomograms rotated... 1.4 seconds remaining...
Node24: Job progress: 9 out of 11 subtomograms rotated... 0.6 seconds remaining...
Node39: Job progress: 2 out of 10 subtomograms rotated... 5.0 seconds remaining...
Node42: Job progress: 2 out of 10 subtomograms rotated... 4.8 seconds remaining...
Node59: Job progress: 6 out of 10 subtomograms rotated... 1.5 seconds remaining...
Node5: Job progress: 6 out of 11 subtomograms rotated... 1.9 seconds remaining...
Node20: Job progress: 10 out of 11 subtomograms rotated... 0.3 seconds remaining...
Node61: Job progress: 8 out of 10 subtomograms rotated... 0.8 seconds remaining...
Node62: Initializing...
Node62: Reading parameter file...
Node21: Job progress: 2 out of 11 subtomograms rotated... 4.9 seconds remaining...
Node32: Initializing...
Node32: Reading parameter file...
Node27: Job progress: 3 out of 11 subtomograms rotated... 3.7 seconds remaining...
Node54: Job progress: 7 out of 10 subtomograms rotated... 1.0 seconds remaining...
Node1: Job progress: 1 out of 11 subtomograms rotated... 8.7 seconds remaining...
Node22: Job progress: 11 out of 11 subtomograms rotated... 0.0 seconds remaining...
Node12: Job progress: 11 out of 11 subtomograms rotated... 0.0 seconds remaining...
Node26: Job progress: 8 out of 11 subtomograms rotated... 1.0 seconds remaining...
Node62: Reading settings...
Node37: Job progress: 2 out of 10 subtomograms rotated... 4.4 seconds remaining...
Node32: Reading settings...
Node25: Job progress: 7 out of 11 subtomograms rotated... 1.3 seconds remaining...
Node22: Parallel pre-rotation completed!!!1!
Node24: Job progress: 10 out of 11 subtomograms rotated... 0.3 seconds remaining...
Node12: Parallel pre-rotation completed!!!1!
Node59: Job progress: 7 out of 10 subtomograms rotated... 1.1 seconds remaining...
Node7: Job progress: 7 out of 11 subtomograms rotated... 1.5 seconds remaining...
Node42: Job progress: 3 out of 10 subtomograms rotated... 3.4 seconds remaining...
Node5: Job progress: 7 out of 11 subtomograms rotated... 1.4 seconds remaining...
Node39: Job progress: 3 out of 10 subtomograms rotated... 3.5 seconds remaining...
Node50: Parallel pre-rotation completed!!!1!
Node20: Job progress: 11 out of 11 subtomograms rotated... 0.0 seconds remaining...
Node27: Job progress: 4 out of 11 subtomograms rotated... 2.8 seconds remaining...
Node10: Job progress: 1 out of 11 subtomograms rotated... 8.7 seconds remaining...
Node61: Job progress: 9 out of 10 subtomograms rotated... 0.4 seconds remaining...
Node51: Job progress: 1 out of 10 subtomograms rotated... 7.5 seconds remaining...
Node54: Job progress: 8 out of 10 subtomograms rotated... 0.7 seconds remaining...
Node26: Job progress: 9 out of 11 subtomograms rotated... 0.7 seconds remaining...
Node21: Job progress: 3 out of 11 subtomograms rotated... 3.8 seconds remaining...
Node24: Job progress: 11 out of 11 subtomograms rotated... 0.0 seconds remaining...
Node25: Job progress: 8 out of 11 subtomograms rotated... 1.0 seconds remaining...
Node37: Job progress: 3 out of 10 subtomograms rotated... 3.2 seconds remaining...
Node1: Job progress: 2 out of 11 subtomograms rotated... 5.3 seconds remaining...
Node39: Job progress: 4 out of 10 subtomograms rotated... 2.5 seconds remaining...
Node24: Parallel pre-rotation completed!!!1!
Node36: Job progress: 1 out of 10 subtomograms rotated... 7.8 seconds remaining...
Node59: Job progress: 8 out of 10 subtomograms rotated... 0.7 seconds remaining...
Node7: Job progress: 8 out of 11 subtomograms rotated... 1.1 seconds remaining...
Node5: Job progress: 8 out of 11 subtomograms rotated... 1.0 seconds remaining...
Node42: Job progress: 4 out of 10 subtomograms rotated... 2.6 seconds remaining...
Node27: Job progress: 5 out of 11 subtomograms rotated... 2.2 seconds remaining...
Node61: Job progress: 10 out of 10 subtomograms rotated... 0.0 seconds remaining...
Node10: Job progress: 2 out of 11 subtomograms rotated... 5.2 seconds remaining...
Node21: Job progress: 4 out of 11 subtomograms rotated... 2.9 seconds remaining...
Node26: Job progress: 10 out of 11 subtomograms rotated... 0.3 seconds remaining...
Node61: Parallel pre-rotation completed!!!1!
Node25: Job progress: 9 out of 11 subtomograms rotated... 0.6 seconds remaining...
Node63: Job progress: 1 out of 10 subtomograms rotated... 7.6 seconds remaining...
Node51: Job progress: 2 out of 10 subtomograms rotated... 4.6 seconds remaining...
Node54: Job progress: 9 out of 10 subtomograms rotated... 0.3 seconds remaining...
Node1: Job progress: 3 out of 11 subtomograms rotated... 3.8 seconds remaining...
Node64: Job progress: 1 out of 10 subtomograms rotated... 7.6 seconds remaining...
Node36: Job progress: 2 out of 10 subtomograms rotated... 4.4 seconds remaining...
core15_m12-4-16_node1-15: STOPGAP loaded!!!
Node39: Job progress: 5 out of 10 subtomograms rotated... 2.0 seconds remaining...
Node37: Job progress: 4 out of 10 subtomograms rotated... 2.5 seconds remaining...
core49_m12-4-16_node1-49: STOPGAP loaded!!!
Node27: Job progress: 6 out of 11 subtomograms rotated... 1.7 seconds remaining...
Node7: Job progress: 9 out of 11 subtomograms rotated... 0.7 seconds remaining...
Node59: Job progress: 9 out of 10 subtomograms rotated... 0.3 seconds remaining...
core45_m12-4-16_node1-45: STOPGAP loaded!!!
Node41: Job progress: 1 out of 10 subtomograms rotated... 8.3 seconds remaining...
Node42: Job progress: 5 out of 10 subtomograms rotated... 2.0 seconds remaining...
core11_m12-4-16_node1-11: STOPGAP loaded!!!
Node5: Job progress: 9 out of 11 subtomograms rotated... 0.7 seconds remaining...
Node15: Initializing...
Node15: Reading parameter file...
Node21: Job progress: 5 out of 11 subtomograms rotated... 2.3 seconds remaining...
Node49: Initializing...
Node49: Reading parameter file...
Node25: Job progress: 10 out of 11 subtomograms rotated... 0.3 seconds remaining...
Node10: Job progress: 3 out of 11 subtomograms rotated... 3.9 seconds remaining...
Node54: Job progress: 10 out of 10 subtomograms rotated... 0.0 seconds remaining...
Node51: Job progress: 3 out of 10 subtomograms rotated... 3.3 seconds remaining...
Node26: Job progress: 11 out of 11 subtomograms rotated... 0.0 seconds remaining...
core06_m12-4-16_node1-06: STOPGAP loaded!!!
Node39: Job progress: 6 out of 10 subtomograms rotated... 1.4 seconds remaining...
Node63: Job progress: 2 out of 10 subtomograms rotated... 4.5 seconds remaining...
Node45: Initializing...
Node45: Reading parameter file...
Node54: Parallel pre-rotation completed!!!1!
Node11: Initializing...
Node11: Reading parameter file...
Node15: Reading settings...
Node26: Parallel pre-rotation completed!!!1!
Node37: Job progress: 5 out of 10 subtomograms rotated... 1.9 seconds remaining...
Node49: Reading settings...
Node7: Job progress: 10 out of 11 subtomograms rotated... 0.3 seconds remaining...
Node64: Job progress: 2 out of 10 subtomograms rotated... 4.6 seconds remaining...
Node1: Job progress: 4 out of 11 subtomograms rotated... 3.1 seconds remaining...
Node36: Job progress: 3 out of 10 subtomograms rotated... 3.3 seconds remaining...
Node29: Job progress: 1 out of 11 subtomograms rotated... 8.6 seconds remaining...
Node27: Job progress: 7 out of 11 subtomograms rotated... 1.3 seconds remaining...
Node6: Initializing...
Node6: Reading parameter file...
Node21: Job progress: 6 out of 11 subtomograms rotated... 1.7 seconds remaining...
Node45: Reading settings...
Node59: Job progress: 10 out of 10 subtomograms rotated... 0.0 seconds remaining...
Node11: Reading settings...
Node41: Job progress: 2 out of 10 subtomograms rotated... 4.8 seconds remaining...
Node42: Job progress: 6 out of 10 subtomograms rotated... 1.6 seconds remaining...
Node10: Job progress: 4 out of 11 subtomograms rotated... 3.0 seconds remaining...
Node39: Job progress: 7 out of 10 subtomograms rotated... 1.0 seconds remaining...
Node51: Job progress: 4 out of 10 subtomograms rotated... 2.5 seconds remaining...
Node25: Job progress: 11 out of 11 subtomograms rotated... 0.0 seconds remaining...
Node59: Parallel pre-rotation completed!!!1!
Node5: Job progress: 10 out of 11 subtomograms rotated... 0.3 seconds remaining...
Node6: Reading settings...
Node25: Parallel pre-rotation completed!!!1!
Node37: Job progress: 6 out of 10 subtomograms rotated... 1.4 seconds remaining...
Node27: Job progress: 8 out of 11 subtomograms rotated... 0.9 seconds remaining...
Node63: Job progress: 3 out of 10 subtomograms rotated... 3.3 seconds remaining...
Node36: Job progress: 4 out of 10 subtomograms rotated... 2.5 seconds remaining...
Node20: Parallel pre-rotation completed!!!1!
Node1: Job progress: 5 out of 11 subtomograms rotated... 2.4 seconds remaining...
Node7: Job progress: 11 out of 11 subtomograms rotated... 0.0 seconds remaining...
Node64: Job progress: 3 out of 10 subtomograms rotated... 3.4 seconds remaining...
Node42: Job progress: 7 out of 10 subtomograms rotated... 1.1 seconds remaining...
Node29: Job progress: 2 out of 11 subtomograms rotated... 5.2 seconds remaining...
Node7: Parallel pre-rotation completed!!!1!
Node21: Job progress: 7 out of 11 subtomograms rotated... 1.4 seconds remaining...
Node9: Job progress: 1 out of 11 subtomograms rotated... 17.3 seconds remaining...
Node51: Job progress: 5 out of 10 subtomograms rotated... 1.9 seconds remaining...
Node41: Job progress: 3 out of 10 subtomograms rotated... 3.6 seconds remaining...
Node39: Job progress: 8 out of 10 subtomograms rotated... 0.7 seconds remaining...
Node27: Job progress: 9 out of 11 subtomograms rotated... 0.6 seconds remaining...
Node5: Job progress: 11 out of 11 subtomograms rotated... 0.0 seconds remaining...
Node37: Job progress: 7 out of 10 subtomograms rotated... 1.0 seconds remaining...
Node3: Job progress: 1 out of 11 subtomograms rotated... 8.5 seconds remaining...
Node10: Job progress: 5 out of 11 subtomograms rotated... 2.4 seconds remaining...
Node36: Job progress: 5 out of 10 subtomograms rotated... 1.9 seconds remaining...
Node5: Parallel pre-rotation completed!!!1!
Node63: Job progress: 4 out of 10 subtomograms rotated... 2.6 seconds remaining...
Node1: Job progress: 6 out of 11 subtomograms rotated... 1.9 seconds remaining...
Node42: Job progress: 8 out of 10 subtomograms rotated... 0.7 seconds remaining...
Node21: Job progress: 8 out of 11 subtomograms rotated... 1.0 seconds remaining...
Node64: Job progress: 4 out of 10 subtomograms rotated... 2.6 seconds remaining...
Node29: Job progress: 3 out of 11 subtomograms rotated... 3.7 seconds remaining...
Node51: Job progress: 6 out of 10 subtomograms rotated... 1.4 seconds remaining...
Node27: Job progress: 10 out of 11 subtomograms rotated... 0.3 seconds remaining...
Node39: Job progress: 9 out of 10 subtomograms rotated... 0.3 seconds remaining...
Node37: Job progress: 8 out of 10 subtomograms rotated... 0.6 seconds remaining...
Node41: Job progress: 4 out of 10 subtomograms rotated... 2.7 seconds remaining...
Node10: Job progress: 6 out of 11 subtomograms rotated... 1.9 seconds remaining...
Node9: Job progress: 2 out of 11 subtomograms rotated... 9.3 seconds remaining...
Node2: Job progress: 1 out of 11 subtomograms rotated... 8.8 seconds remaining...
Node63: Job progress: 5 out of 10 subtomograms rotated... 1.9 seconds remaining...
core17_m12-4-16_node1-17: STOPGAP loaded!!!
Node38: Job progress: 1 out of 10 subtomograms rotated... 7.7 seconds remaining...
core55_m12-4-16_node1-55: STOPGAP loaded!!!
Node36: Job progress: 6 out of 10 subtomograms rotated... 1.4 seconds remaining...
Node3: Job progress: 2 out of 11 subtomograms rotated... 5.3 seconds remaining...
Node29: Job progress: 4 out of 11 subtomograms rotated... 2.8 seconds remaining...
Node64: Job progress: 5 out of 10 subtomograms rotated... 1.9 seconds remaining...
Node1: Job progress: 7 out of 11 subtomograms rotated... 1.5 seconds remaining...
core33_m12-4-16_node1-33: STOPGAP loaded!!!
Node42: Job progress: 9 out of 10 subtomograms rotated... 0.3 seconds remaining...
Node17: Initializing...
Node17: Reading parameter file...
Node21: Job progress: 9 out of 11 subtomograms rotated... 0.6 seconds remaining...
Node27: Job progress: 11 out of 11 subtomograms rotated... 0.0 seconds remaining...
Node55: Initializing...
Node55: Reading parameter file...
Node51: Job progress: 7 out of 10 subtomograms rotated... 1.0 seconds remaining...
Node10: Job progress: 7 out of 11 subtomograms rotated... 1.4 seconds remaining...
Node27: Parallel pre-rotation completed!!!1!
Node33: Initializing...
Node33: Reading parameter file...
Node9: Job progress: 3 out of 11 subtomograms rotated... 6.1 seconds remaining...
Node41: Job progress: 5 out of 10 subtomograms rotated... 2.0 seconds remaining...
Node2: Job progress: 2 out of 11 subtomograms rotated... 5.1 seconds remaining...
Node63: Job progress: 6 out of 10 subtomograms rotated... 1.4 seconds remaining...
Node39: Job progress: 10 out of 10 subtomograms rotated... 0.0 seconds remaining...
Node17: Reading settings...
Node37: Job progress: 9 out of 10 subtomograms rotated... 0.3 seconds remaining...
Node36: Job progress: 7 out of 10 subtomograms rotated... 1.0 seconds remaining...
Node3: Job progress: 3 out of 11 subtomograms rotated... 3.8 seconds remaining...
Node42: Job progress: 10 out of 10 subtomograms rotated... 0.0 seconds remaining...
Node39: Parallel pre-rotation completed!!!1!
Node38: Job progress: 2 out of 10 subtomograms rotated... 4.5 seconds remaining...
Node1: Job progress: 8 out of 11 subtomograms rotated... 1.0 seconds remaining...
Node33: Reading settings...
Node21: Job progress: 10 out of 11 subtomograms rotated... 0.3 seconds remaining...
Node42: Parallel pre-rotation completed!!!1!
Node64: Job progress: 6 out of 10 subtomograms rotated... 1.5 seconds remaining...
Node29: Job progress: 5 out of 11 subtomograms rotated... 2.3 seconds remaining...
Node9: Job progress: 4 out of 11 subtomograms rotated... 4.4 seconds remaining...
Node41: Job progress: 6 out of 10 subtomograms rotated... 1.5 seconds remaining...
Node10: Job progress: 8 out of 11 subtomograms rotated... 1.0 seconds remaining...
Node51: Job progress: 8 out of 10 subtomograms rotated... 0.7 seconds remaining...
Node37: Job progress: 10 out of 10 subtomograms rotated... 0.0 seconds remaining...
Node63: Job progress: 7 out of 10 subtomograms rotated... 1.0 seconds remaining...
Node36: Job progress: 8 out of 10 subtomograms rotated... 0.7 seconds remaining...
Node37: Parallel pre-rotation completed!!!1!
Node21: Job progress: 11 out of 11 subtomograms rotated... 0.0 seconds remaining...
Node2: Job progress: 3 out of 11 subtomograms rotated... 3.9 seconds remaining...
Node55: Reading settings...
Node64: Job progress: 7 out of 10 subtomograms rotated... 1.0 seconds remaining...
Node29: Job progress: 6 out of 11 subtomograms rotated... 1.8 seconds remaining...
Node3: Job progress: 4 out of 11 subtomograms rotated... 3.0 seconds remaining...
Node1: Job progress: 9 out of 11 subtomograms rotated... 0.7 seconds remaining...
Node38: Job progress: 3 out of 10 subtomograms rotated... 3.3 seconds remaining...
Node21: Parallel pre-rotation completed!!!1!
Node63: Job progress: 8 out of 10 subtomograms rotated... 0.7 seconds remaining...
Node9: Job progress: 5 out of 11 subtomograms rotated... 3.3 seconds remaining...
Node36: Job progress: 9 out of 10 subtomograms rotated... 0.3 seconds remaining...
Node10: Job progress: 9 out of 11 subtomograms rotated... 0.7 seconds remaining...
Node41: Job progress: 7 out of 10 subtomograms rotated... 1.1 seconds remaining...
Node51: Job progress: 9 out of 10 subtomograms rotated... 0.3 seconds remaining...
Node64: Job progress: 8 out of 10 subtomograms rotated... 0.7 seconds remaining...
Node2: Job progress: 4 out of 11 subtomograms rotated... 3.0 seconds remaining...
Node38: Job progress: 4 out of 10 subtomograms rotated... 2.4 seconds remaining...
Node1: Job progress: 10 out of 11 subtomograms rotated... 0.3 seconds remaining...
Node29: Job progress: 7 out of 11 subtomograms rotated... 1.3 seconds remaining...
Node3: Job progress: 5 out of 11 subtomograms rotated... 2.4 seconds remaining...
Node63: Job progress: 9 out of 10 subtomograms rotated... 0.3 seconds remaining...
Node10: Job progress: 10 out of 11 subtomograms rotated... 0.3 seconds remaining...
Node41: Job progress: 8 out of 10 subtomograms rotated... 0.7 seconds remaining...
Node51: Job progress: 10 out of 10 subtomograms rotated... 0.0 seconds remaining...
Node56: Job progress: 1 out of 10 subtomograms rotated... 7.1 seconds remaining...
Node9: Job progress: 6 out of 11 subtomograms rotated... 2.5 seconds remaining...
Node36: Job progress: 10 out of 10 subtomograms rotated... 0.0 seconds remaining...
Node51: Parallel pre-rotation completed!!!1!
Node29: Job progress: 8 out of 11 subtomograms rotated... 1.0 seconds remaining...
Node38: Job progress: 5 out of 10 subtomograms rotated... 1.8 seconds remaining...
Node1: Job progress: 11 out of 11 subtomograms rotated... 0.0 seconds remaining...
Node36: Parallel pre-rotation completed!!!1!
Node2: Job progress: 5 out of 11 subtomograms rotated... 2.3 seconds remaining...
Node64: Job progress: 9 out of 10 subtomograms rotated... 0.3 seconds remaining...
Node3: Job progress: 6 out of 11 subtomograms rotated... 1.8 seconds remaining...
Node1: Parallel pre-rotation completed!!!1!
Node10: Job progress: 11 out of 11 subtomograms rotated... 0.0 seconds remaining...
Node1: Waiting for all volumes to be rotated...
Node41: Job progress: 9 out of 10 subtomograms rotated... 0.3 seconds remaining...
Node63: Job progress: 10 out of 10 subtomograms rotated... 0.0 seconds remaining...
Node10: Parallel pre-rotation completed!!!1!
Node13: Job progress: 1 out of 11 subtomograms rotated... 7.6 seconds remaining...
Node29: Job progress: 9 out of 11 subtomograms rotated... 0.6 seconds remaining...
Node63: Parallel pre-rotation completed!!!1!
Node3: Job progress: 7 out of 11 subtomograms rotated... 1.3 seconds remaining...
Node9: Job progress: 7 out of 11 subtomograms rotated... 1.9 seconds remaining...
Node56: Job progress: 2 out of 10 subtomograms rotated... 4.4 seconds remaining...
Node38: Job progress: 6 out of 10 subtomograms rotated... 1.4 seconds remaining...
Node64: Job progress: 10 out of 10 subtomograms rotated... 0.0 seconds remaining...
Node2: Job progress: 6 out of 11 subtomograms rotated... 1.8 seconds remaining...
Node64: Parallel pre-rotation completed!!!1!
Node29: Job progress: 10 out of 11 subtomograms rotated... 0.3 seconds remaining...
Node41: Job progress: 10 out of 10 subtomograms rotated... 0.0 seconds remaining...
Node41: Parallel pre-rotation completed!!!1!
Node38: Job progress: 7 out of 10 subtomograms rotated... 1.0 seconds remaining...
Node13: Job progress: 2 out of 11 subtomograms rotated... 4.9 seconds remaining...
Node9: Job progress: 8 out of 11 subtomograms rotated... 1.3 seconds remaining...
Node2: Job progress: 7 out of 11 subtomograms rotated... 1.4 seconds remaining...
Node3: Job progress: 8 out of 11 subtomograms rotated... 1.0 seconds remaining...
Node56: Job progress: 3 out of 10 subtomograms rotated... 3.2 seconds remaining...
Node29: Job progress: 11 out of 11 subtomograms rotated... 0.0 seconds remaining...
Node53: Job progress: 1 out of 10 subtomograms rotated... 6.8 seconds remaining...
Node29: Parallel pre-rotation completed!!!1!
Node31: Job progress: 1 out of 11 subtomograms rotated... 7.5 seconds remaining...
Node43: Job progress: 1 out of 10 subtomograms rotated... 6.3 seconds remaining...
Node38: Job progress: 8 out of 10 subtomograms rotated... 0.6 seconds remaining...
Node3: Job progress: 9 out of 11 subtomograms rotated... 0.6 seconds remaining...
Node56: Job progress: 4 out of 10 subtomograms rotated... 2.4 seconds remaining...
Node9: Job progress: 9 out of 11 subtomograms rotated... 0.9 seconds remaining...
Node53: Job progress: 2 out of 10 subtomograms rotated... 3.8 seconds remaining...
Node2: Job progress: 8 out of 11 subtomograms rotated... 1.0 seconds remaining...
Node13: Job progress: 3 out of 11 subtomograms rotated... 3.6 seconds remaining...
Node31: Job progress: 2 out of 11 subtomograms rotated... 4.3 seconds remaining...
Node38: Job progress: 9 out of 10 subtomograms rotated... 0.3 seconds remaining...
Node43: Job progress: 2 out of 10 subtomograms rotated... 3.7 seconds remaining...
Node62: Job progress: 1 out of 10 subtomograms rotated... 6.6 seconds remaining...
Node32: Job progress: 1 out of 11 subtomograms rotated... 7.4 seconds remaining...
Node9: Job progress: 10 out of 11 subtomograms rotated... 0.4 seconds remaining...
Node3: Job progress: 10 out of 11 subtomograms rotated... 0.3 seconds remaining...
Node53: Job progress: 3 out of 10 subtomograms rotated... 2.8 seconds remaining...
Node2: Job progress: 9 out of 11 subtomograms rotated... 0.7 seconds remaining...
Node56: Job progress: 5 out of 10 subtomograms rotated... 1.9 seconds remaining...
Node13: Job progress: 4 out of 11 subtomograms rotated... 2.9 seconds remaining...
Node62: Job progress: 2 out of 10 subtomograms rotated... 3.7 seconds remaining...
Node43: Job progress: 3 out of 10 subtomograms rotated... 2.7 seconds remaining...
Node31: Job progress: 3 out of 11 subtomograms rotated... 3.4 seconds remaining...
Node38: Job progress: 10 out of 10 subtomograms rotated... 0.0 seconds remaining...
Node9: Job progress: 11 out of 11 subtomograms rotated... 0.0 seconds remaining...
Node3: Job progress: 11 out of 11 subtomograms rotated... 0.0 seconds remaining...
Node38: Parallel pre-rotation completed!!!1!
Node9: Parallel pre-rotation completed!!!1!
Node32: Job progress: 2 out of 11 subtomograms rotated... 4.7 seconds remaining...
Node2: Job progress: 10 out of 11 subtomograms rotated... 0.3 seconds remaining...
Node3: Parallel pre-rotation completed!!!1!
Node56: Job progress: 6 out of 10 subtomograms rotated... 1.4 seconds remaining...
Node53: Job progress: 4 out of 10 subtomograms rotated... 2.2 seconds remaining...
Node62: Job progress: 3 out of 10 subtomograms rotated... 2.7 seconds remaining...
Node31: Job progress: 4 out of 11 subtomograms rotated... 2.6 seconds remaining...
Node13: Job progress: 5 out of 11 subtomograms rotated... 2.3 seconds remaining...
Node43: Job progress: 4 out of 10 subtomograms rotated... 2.2 seconds remaining...
Node2: Job progress: 11 out of 11 subtomograms rotated... 0.0 seconds remaining...
Node32: Job progress: 3 out of 11 subtomograms rotated... 3.3 seconds remaining...
Node56: Job progress: 7 out of 10 subtomograms rotated... 1.0 seconds remaining...
Node2: Parallel pre-rotation completed!!!1!
Node14: Job progress: 1 out of 11 subtomograms rotated... 15.5 seconds remaining...
Node53: Job progress: 5 out of 10 subtomograms rotated... 1.7 seconds remaining...
Node62: Job progress: 4 out of 10 subtomograms rotated... 2.1 seconds remaining...
Node31: Job progress: 5 out of 11 subtomograms rotated... 2.0 seconds remaining...
Node13: Job progress: 6 out of 11 subtomograms rotated... 1.8 seconds remaining...
Node43: Job progress: 5 out of 10 subtomograms rotated... 1.7 seconds remaining...
Node56: Job progress: 8 out of 10 subtomograms rotated... 0.6 seconds remaining...
Node32: Job progress: 4 out of 11 subtomograms rotated... 2.6 seconds remaining...
Node31: Job progress: 6 out of 11 subtomograms rotated... 1.6 seconds remaining...
Node53: Job progress: 6 out of 10 subtomograms rotated... 1.3 seconds remaining...
Node14: Job progress: 2 out of 11 subtomograms rotated... 8.3 seconds remaining...
Node13: Job progress: 7 out of 11 subtomograms rotated... 1.4 seconds remaining...
Node56: Job progress: 9 out of 10 subtomograms rotated... 0.3 seconds remaining...
Node62: Job progress: 5 out of 10 subtomograms rotated... 1.7 seconds remaining...
Node49: Job progress: 1 out of 10 subtomograms rotated... 7.9 seconds remaining...
Node43: Job progress: 6 out of 10 subtomograms rotated... 1.3 seconds remaining...
Node15: Job progress: 1 out of 11 subtomograms rotated... 8.1 seconds remaining...
Node31: Job progress: 7 out of 11 subtomograms rotated... 1.2 seconds remaining...
Node53: Job progress: 7 out of 10 subtomograms rotated... 0.9 seconds remaining...
Node32: Job progress: 5 out of 11 subtomograms rotated... 2.2 seconds remaining...
Node6: Job progress: 1 out of 11 subtomograms rotated... 8.0 seconds remaining...
Node62: Job progress: 6 out of 10 subtomograms rotated... 1.3 seconds remaining...
Node14: Job progress: 3 out of 11 subtomograms rotated... 5.8 seconds remaining...
Node56: Job progress: 10 out of 10 subtomograms rotated... 0.0 seconds remaining...
Node43: Job progress: 7 out of 10 subtomograms rotated... 0.9 seconds remaining...
Node13: Job progress: 8 out of 11 subtomograms rotated... 1.0 seconds remaining...
Node31: Job progress: 8 out of 11 subtomograms rotated... 0.9 seconds remaining...
Node15: Job progress: 2 out of 11 subtomograms rotated... 4.7 seconds remaining...
Node32: Job progress: 6 out of 11 subtomograms rotated... 1.7 seconds remaining...
Node56: Parallel pre-rotation completed!!!1!
Node49: Job progress: 2 out of 10 subtomograms rotated... 4.7 seconds remaining...
Node53: Job progress: 8 out of 10 subtomograms rotated... 0.6 seconds remaining...
Node14: Job progress: 4 out of 11 subtomograms rotated... 4.2 seconds remaining...
Node6: Job progress: 2 out of 11 subtomograms rotated... 4.9 seconds remaining...
Node43: Job progress: 8 out of 10 subtomograms rotated... 0.6 seconds remaining...
Node62: Job progress: 7 out of 10 subtomograms rotated... 1.0 seconds remaining...
Node32: Job progress: 7 out of 11 subtomograms rotated... 1.3 seconds remaining...
Node31: Job progress: 9 out of 11 subtomograms rotated... 0.6 seconds remaining...
Node13: Job progress: 9 out of 11 subtomograms rotated... 0.7 seconds remaining...
Node53: Job progress: 9 out of 10 subtomograms rotated... 0.3 seconds remaining...
Node49: Job progress: 3 out of 10 subtomograms rotated... 3.4 seconds remaining...
Node15: Job progress: 3 out of 11 subtomograms rotated... 3.6 seconds remaining...
Node6: Job progress: 3 out of 11 subtomograms rotated... 3.5 seconds remaining...
Node32: Job progress: 8 out of 11 subtomograms rotated... 0.9 seconds remaining...
Node43: Job progress: 9 out of 10 subtomograms rotated... 0.3 seconds remaining...
Node31: Job progress: 10 out of 11 subtomograms rotated... 0.3 seconds remaining...
Node14: Job progress: 5 out of 11 subtomograms rotated... 3.3 seconds remaining...
Node62: Job progress: 8 out of 10 subtomograms rotated... 0.6 seconds remaining...
Node13: Job progress: 10 out of 11 subtomograms rotated... 0.3 seconds remaining...
Node49: Job progress: 4 out of 10 subtomograms rotated... 2.5 seconds remaining...
Node53: Job progress: 10 out of 10 subtomograms rotated... 0.0 seconds remaining...
Node15: Job progress: 4 out of 11 subtomograms rotated... 2.9 seconds remaining...
Node17: Job progress: 1 out of 11 subtomograms rotated... 8.4 seconds remaining...
Node6: Job progress: 4 out of 11 subtomograms rotated... 2.7 seconds remaining...
Node33: Job progress: 1 out of 10 subtomograms rotated... 7.5 seconds remaining...
Node43: Job progress: 10 out of 10 subtomograms rotated... 0.0 seconds remaining...
Node53: Parallel pre-rotation completed!!!1!
Node31: Job progress: 11 out of 11 subtomograms rotated... 0.0 seconds remaining...
Node32: Job progress: 9 out of 11 subtomograms rotated... 0.6 seconds remaining...
Node62: Job progress: 9 out of 10 subtomograms rotated... 0.3 seconds remaining...
Node43: Parallel pre-rotation completed!!!1!
Node31: Parallel pre-rotation completed!!!1!
Node14: Job progress: 6 out of 11 subtomograms rotated... 2.5 seconds remaining...
Node13: Job progress: 11 out of 11 subtomograms rotated... 0.0 seconds remaining...
Node49: Job progress: 5 out of 10 subtomograms rotated... 2.0 seconds remaining...
Node45: Job progress: 1 out of 10 subtomograms rotated... 8.0 seconds remaining...
Node15: Job progress: 5 out of 11 subtomograms rotated... 2.2 seconds remaining...
Node13: Parallel pre-rotation completed!!!1!
Node33: Job progress: 2 out of 10 subtomograms rotated... 4.1 seconds remaining...
Node17: Job progress: 2 out of 11 subtomograms rotated... 5.0 seconds remaining...
Node32: Job progress: 10 out of 11 subtomograms rotated... 0.3 seconds remaining...
Node6: Job progress: 5 out of 11 subtomograms rotated... 2.2 seconds remaining...
Node62: Job progress: 10 out of 10 subtomograms rotated... 0.0 seconds remaining...
Node49: Job progress: 6 out of 10 subtomograms rotated... 1.4 seconds remaining...
Node15: Job progress: 6 out of 11 subtomograms rotated... 1.7 seconds remaining...
Node14: Job progress: 7 out of 11 subtomograms rotated... 1.9 seconds remaining...
Node62: Parallel pre-rotation completed!!!1!
Node55: Job progress: 1 out of 10 subtomograms rotated... 7.4 seconds remaining...
Node45: Job progress: 2 out of 10 subtomograms rotated... 4.7 seconds remaining...
Node33: Job progress: 3 out of 10 subtomograms rotated... 3.0 seconds remaining...
Node32: Job progress: 11 out of 11 subtomograms rotated... 0.0 seconds remaining...
Node17: Job progress: 3 out of 11 subtomograms rotated... 3.6 seconds remaining...
Node32: Parallel pre-rotation completed!!!1!
Node6: Job progress: 6 out of 11 subtomograms rotated... 1.8 seconds remaining...
Node14: Job progress: 8 out of 11 subtomograms rotated... 1.3 seconds remaining...
Node49: Job progress: 7 out of 10 subtomograms rotated... 1.0 seconds remaining...
Node15: Job progress: 7 out of 11 subtomograms rotated... 1.3 seconds remaining...
Node55: Job progress: 2 out of 10 subtomograms rotated... 4.3 seconds remaining...
Node33: Job progress: 4 out of 10 subtomograms rotated... 2.3 seconds remaining...
Node45: Job progress: 3 out of 10 subtomograms rotated... 3.3 seconds remaining...
Node17: Job progress: 4 out of 11 subtomograms rotated... 2.8 seconds remaining...
Node11: Job progress: 1 out of 11 subtomograms rotated... 8.8 seconds remaining...
Node6: Job progress: 7 out of 11 subtomograms rotated... 1.4 seconds remaining...
Node14: Job progress: 9 out of 11 subtomograms rotated... 0.8 seconds remaining...
Node49: Job progress: 8 out of 10 subtomograms rotated... 0.7 seconds remaining...
Node33: Job progress: 5 out of 10 subtomograms rotated... 1.8 seconds remaining...
Node45: Job progress: 4 out of 10 subtomograms rotated... 2.5 seconds remaining...
Node15: Job progress: 8 out of 11 subtomograms rotated... 1.0 seconds remaining...
Node17: Job progress: 5 out of 11 subtomograms rotated... 2.2 seconds remaining...
Node55: Job progress: 3 out of 10 subtomograms rotated... 3.2 seconds remaining...
Node11: Job progress: 2 out of 11 subtomograms rotated... 5.4 seconds remaining...
Node6: Job progress: 8 out of 11 subtomograms rotated... 1.0 seconds remaining...
Node49: Job progress: 9 out of 10 subtomograms rotated... 0.3 seconds remaining...
Node14: Job progress: 10 out of 11 subtomograms rotated... 0.4 seconds remaining...
Node45: Job progress: 5 out of 10 subtomograms rotated... 1.9 seconds remaining...
Node33: Job progress: 6 out of 10 subtomograms rotated... 1.3 seconds remaining...
Node55: Job progress: 4 out of 10 subtomograms rotated... 2.4 seconds remaining...
Node17: Job progress: 6 out of 11 subtomograms rotated... 1.7 seconds remaining...
Node15: Job progress: 9 out of 11 subtomograms rotated... 0.7 seconds remaining...
Node6: Job progress: 9 out of 11 subtomograms rotated... 0.6 seconds remaining...
Node49: Job progress: 10 out of 10 subtomograms rotated... 0.0 seconds remaining...
Node45: Job progress: 6 out of 10 subtomograms rotated... 1.4 seconds remaining...
Node11: Job progress: 3 out of 11 subtomograms rotated... 4.0 seconds remaining...
Node49: Parallel pre-rotation completed!!!1!
Node14: Job progress: 11 out of 11 subtomograms rotated... 0.0 seconds remaining...
Node15: Job progress: 10 out of 11 subtomograms rotated... 0.3 seconds remaining...
Node14: Parallel pre-rotation completed!!!1!
Node6: Job progress: 10 out of 11 subtomograms rotated... 0.3 seconds remaining...
Node33: Job progress: 7 out of 10 subtomograms rotated... 1.0 seconds remaining...
Node17: Job progress: 7 out of 11 subtomograms rotated... 1.4 seconds remaining...
Node55: Job progress: 5 out of 10 subtomograms rotated... 1.9 seconds remaining...
Node11: Job progress: 4 out of 11 subtomograms rotated... 3.0 seconds remaining...
Node15: Job progress: 11 out of 11 subtomograms rotated... 0.0 seconds remaining...
Node45: Job progress: 7 out of 10 subtomograms rotated... 1.0 seconds remaining...
Node15: Parallel pre-rotation completed!!!1!
Node6: Job progress: 11 out of 11 subtomograms rotated... 0.0 seconds remaining...
Node33: Job progress: 8 out of 10 subtomograms rotated... 0.6 seconds remaining...
Node17: Job progress: 8 out of 11 subtomograms rotated... 1.0 seconds remaining...
Node6: Parallel pre-rotation completed!!!1!
Node55: Job progress: 6 out of 10 subtomograms rotated... 1.5 seconds remaining...
Node45: Job progress: 8 out of 10 subtomograms rotated... 0.6 seconds remaining...
Node11: Job progress: 5 out of 11 subtomograms rotated... 2.4 seconds remaining...
Node33: Job progress: 9 out of 10 subtomograms rotated... 0.3 seconds remaining...
Node17: Job progress: 9 out of 11 subtomograms rotated... 0.6 seconds remaining...
Node45: Job progress: 9 out of 10 subtomograms rotated... 0.3 seconds remaining...
Node11: Job progress: 6 out of 11 subtomograms rotated... 1.8 seconds remaining...
Node55: Job progress: 7 out of 10 subtomograms rotated... 1.1 seconds remaining...
Node33: Job progress: 10 out of 10 subtomograms rotated... 0.0 seconds remaining...
Node33: Parallel pre-rotation completed!!!1!
Node17: Job progress: 10 out of 11 subtomograms rotated... 0.3 seconds remaining...
Node45: Job progress: 10 out of 10 subtomograms rotated... 0.0 seconds remaining...
Node11: Job progress: 7 out of 11 subtomograms rotated... 1.4 seconds remaining...
Node55: Job progress: 8 out of 10 subtomograms rotated... 0.7 seconds remaining...
Node45: Parallel pre-rotation completed!!!1!
Node11: Job progress: 8 out of 11 subtomograms rotated... 1.0 seconds remaining...
Node17: Job progress: 11 out of 11 subtomograms rotated... 0.0 seconds remaining...
Node17: Parallel pre-rotation completed!!!1!
Node55: Job progress: 9 out of 10 subtomograms rotated... 0.3 seconds remaining...
Node11: Job progress: 9 out of 11 subtomograms rotated... 0.6 seconds remaining...
Node55: Job progress: 10 out of 10 subtomograms rotated... 0.0 seconds remaining...
Node11: Job progress: 10 out of 11 subtomograms rotated... 0.3 seconds remaining...
Node55: Parallel pre-rotation completed!!!1!
Node11: Job progress: 11 out of 11 subtomograms rotated... 0.0 seconds remaining...
Node11: Parallel pre-rotation completed!!!1!
core28_m12-4-16_node1-28: STOPGAP loaded!!!
Node28: Initializing...
Node28: Reading parameter file...
core40_m12-4-16_node1-40: STOPGAP loaded!!!
Node28: Reading settings...
Node40: Initializing...
Node40: Reading parameter file...
Node40: Reading settings...
Node40: Job progress: 1 out of 10 subtomograms rotated... 6.6 seconds remaining...
Node40: Job progress: 2 out of 10 subtomograms rotated... 3.7 seconds remaining...
Node40: Job progress: 3 out of 10 subtomograms rotated... 2.7 seconds remaining...
Node40: Job progress: 4 out of 10 subtomograms rotated... 2.1 seconds remaining...
Node28: Job progress: 1 out of 11 subtomograms rotated... 7.2 seconds remaining...
Node28: Job progress: 2 out of 11 subtomograms rotated... 4.1 seconds remaining...
Node40: Job progress: 5 out of 10 subtomograms rotated... 1.7 seconds remaining...
Node28: Job progress: 3 out of 11 subtomograms rotated... 3.1 seconds remaining...
Node40: Job progress: 6 out of 10 subtomograms rotated... 1.3 seconds remaining...
Node40: Job progress: 7 out of 10 subtomograms rotated... 0.9 seconds remaining...
Node28: Job progress: 4 out of 11 subtomograms rotated... 2.5 seconds remaining...
Node40: Job progress: 8 out of 10 subtomograms rotated... 0.6 seconds remaining...
Node28: Job progress: 5 out of 11 subtomograms rotated... 2.0 seconds remaining...
Node40: Job progress: 9 out of 10 subtomograms rotated... 0.3 seconds remaining...
Node28: Job progress: 6 out of 11 subtomograms rotated... 1.5 seconds remaining...
Node40: Job progress: 10 out of 10 subtomograms rotated... 0.0 seconds remaining...
Node28: Job progress: 7 out of 11 subtomograms rotated... 1.2 seconds remaining...
Node40: Parallel pre-rotation completed!!!1!
Node28: Job progress: 8 out of 11 subtomograms rotated... 0.8 seconds remaining...
Node28: Job progress: 9 out of 11 subtomograms rotated... 0.5 seconds remaining...
Node28: Job progress: 10 out of 11 subtomograms rotated... 0.3 seconds remaining...
Node28: Job progress: 11 out of 11 subtomograms rotated... 0.0 seconds remaining...
Node28: Parallel pre-rotation completed!!!1!
Node1: STOPGAP PCA pre-rotation complete... Compiling timings...
Node1: PCA parallel pre-rotation complete!!!
Node1: Initializing pair lists...
Node1: Generating bandpass filters...
Node56: Initializing pair lists...
Node58: Initializing pair lists...
Node56: Generating bandpass filters...
Node58: Generating bandpass filters...
Node12: Initializing pair lists...
Node12: Generating bandpass filters...
Node22: Initializing pair lists...
Node50: Initializing pair lists...
Node22: Generating bandpass filters...
Node50: Generating bandpass filters...
Node24: Initializing pair lists...
Node53: Initializing pair lists...
Node24: Generating bandpass filters...
Node53: Generating bandpass filters...
Node43: Initializing pair lists...
Node31: Initializing pair lists...
Node43: Generating bandpass filters...
Node31: Generating bandpass filters...
Node61: Initializing pair lists...
Node61: Generating bandpass filters...
Node13: Initializing pair lists...
Node13: Generating bandpass filters...
Node62: Initializing pair lists...
Node62: Generating bandpass filters...
Node54: Initializing pair lists...
Node26: Initializing pair lists...
Node32: Initializing pair lists...
Node32: Generating bandpass filters...
Node54: Generating bandpass filters...
Node59: Initializing pair lists...
Node26: Generating bandpass filters...
Node59: Generating bandpass filters...
Node25: Initializing pair lists...
Node7: Initializing pair lists...
Node7: Generating bandpass filters...
Node20: Initializing pair lists...
Node46: Initializing pair lists...
Node20: Generating bandpass filters...
Node46: Generating bandpass filters...
Node5: Initializing pair lists...
Node5: Generating bandpass filters...
Node23: Initializing pair lists...
Node23: Generating bandpass filters...
Node27: Initializing pair lists...
Node27: Generating bandpass filters...
Node49: Initializing pair lists...
Node14: Initializing pair lists...
Node49: Generating bandpass filters...
Node14: Generating bandpass filters...
Node42: Initializing pair lists...
Node39: Initializing pair lists...
Node42: Generating bandpass filters...
Node39: Generating bandpass filters...
Node25: Generating bandpass filters...
Node15: Initializing pair lists...
Node15: Generating bandpass filters...
Node37: Initializing pair lists...
Node6: Initializing pair lists...
Node21: Initializing pair lists...
Node37: Generating bandpass filters...
Node21: Generating bandpass filters...
Node8: Initializing pair lists...
Node8: Generating bandpass filters...
Node60: Initializing pair lists...
Node51: Initializing pair lists...
Node34: Initializing pair lists...
Node33: Initializing pair lists...
Node60: Generating bandpass filters...
Node36: Initializing pair lists...
Node34: Generating bandpass filters...
Node36: Generating bandpass filters...
Node10: Initializing pair lists...
Node10: Generating bandpass filters...
Node47: Initializing pair lists...
Node45: Initializing pair lists...
Node47: Generating bandpass filters...
Node63: Initializing pair lists...
Node45: Generating bandpass filters...
Node63: Generating bandpass filters...
Node64: Initializing pair lists...
Node64: Generating bandpass filters...
Node51: Generating bandpass filters...
Node57: Initializing pair lists...
Node33: Generating bandpass filters...
Node57: Generating bandpass filters...
Node17: Initializing pair lists...
Node18: Initializing pair lists...
Node41: Initializing pair lists...
Node17: Generating bandpass filters...
Node40: Initializing pair lists...
Node18: Generating bandpass filters...
Node40: Generating bandpass filters...
Node48: Initializing pair lists...
Node29: Initializing pair lists...
Node48: Generating bandpass filters...
Node29: Generating bandpass filters...
Node55: Initializing pair lists...
Node55: Generating bandpass filters...
Node52: Initializing pair lists...
Node52: Generating bandpass filters...
Node35: Initializing pair lists...
Node35: Generating bandpass filters...
Node11: Initializing pair lists...
Node11: Generating bandpass filters...
Node9: Initializing pair lists...
Node3: Initializing pair lists...
Node9: Generating bandpass filters...
Node30: Initializing pair lists...
Node3: Generating bandpass filters...
Node30: Generating bandpass filters...
Node16: Initializing pair lists...
Node28: Initializing pair lists...
Node16: Generating bandpass filters...
Node28: Generating bandpass filters...
Node2: Initializing pair lists...
Node4: Initializing pair lists...
Node2: Generating bandpass filters...
Node4: Generating bandpass filters...
Node19: Initializing pair lists...
Node38: Initializing pair lists...
Node19: Generating bandpass filters...
Node38: Generating bandpass filters...
Node44: Initializing pair lists...
Node44: Generating bandpass filters...
Node6: Generating bandpass filters...
Node41: Generating bandpass filters...
