----------------------------------------------------
-- Input parameters --------------------------------
----------------------------------------------------
Ncluster   =  2
frequency  =  10
offset     =  None
binning    =  1
mask       =  /home/jblaser2/Research/STA/T4P_mask/cylindrical_mask.em
fmask      =  /home/jblaser2/Research/STA/T4P_mask/cylindrical_mask.em
niteration =  10
dispersion =  None
threshold  =  0.4
noise      =  None
noalign    =  True
outputdir  =  /home/jblaser2/Research/STA/PyTom/autofocus_output_k2
noise      =  None
----------------------------------------------------

Initializing the class centroids ...
done
sum distances:  575.7641884333356
done
7.827740907669067
Starting iteration 0 ...
Calculate difference maps ...
it0 time: 0.0
Start alignments ...
calculation time: 6.062547445297241 sec
Class changes:
      0   1  -1 
  0 322 350   0 
  1   0   0   0 
 -1   0   0   0 
Number of class 0: 322
Number of class 1: 350
it0 time: 13.9
Calculate averages ...
done
Resolution of class 0: 10
Resolution of class 1: 10
len particlelist, 672, 672
it0 time: 4.0
Starting iteration 1 ...
Calculate difference maps ...
it1 time: 0.0
Start alignments ...
calculation time: 6.033458471298218 sec
Class changes:
      0   1  -1 
  0 285  37   0 
  1  88 262   0 
 -1   0   0   0 
Number of class 0: 373
Number of class 1: 299
it1 time: 13.8
Calculate averages ...
done
Resolution of class 0: 10
Resolution of class 1: 10
len particlelist, 672, 672
it1 time: 4.0
Starting iteration 2 ...
Calculate difference maps ...
it2 time: 0.0
Start alignments ...
calculation time: 6.2562971115112305 sec
Class changes:
      0   1  -1 
  0 353  20   0 
  1  32 267   0 
 -1   0   0   0 
Number of class 0: 385
Number of class 1: 287
it2 time: 14.3
Calculate averages ...
done
Resolution of class 0: 10
Resolution of class 1: 10
len particlelist, 672, 672
it2 time: 4.3
Starting iteration 3 ...
Calculate difference maps ...
it3 time: 0.0
Start alignments ...
calculation time: 6.249204158782959 sec
Class changes:
      0   1  -1 
  0 373  12   0 
  1   9 278   0 
 -1   0   0   0 
Number of class 0: 382
Number of class 1: 290
it3 time: 14.3
Calculate averages ...
done
Resolution of class 0: 10
Resolution of class 1: 10
len particlelist, 672, 672
it3 time: 4.3
Starting iteration 4 ...
Calculate difference maps ...
it4 time: 0.0
Start alignments ...
calculation time: 6.218917608261108 sec
Class changes:
      0   1  -1 
  0 377   5   0 
  1   3 287   0 
 -1   0   0   0 
Number of class 0: 380
Number of class 1: 292
it4 time: 14.2
Calculate averages ...
done
Resolution of class 0: 10
Resolution of class 1: 10
len particlelist, 672, 672
it4 time: 4.3
Starting iteration 5 ...
Calculate difference maps ...
it5 time: 0.0
Start alignments ...
calculation time: 6.220297813415527 sec
Class changes:
      0   1  -1 
  0 377   3   0 
  1   0 292   0 
 -1   0   0   0 
Number of class 0: 377
Number of class 1: 295
it5 time: 14.2
Calculate averages ...
done
Resolution of class 0: 10
Resolution of class 1: 10
len particlelist, 672, 672
total time: 118.03712224960327 sec
